ASes found in topology: 71669
Origins file: data/origins/origins.txt
Prefix: victim_prefix
Last Origin: 63405
[2, 3, "88 6939 4826 16276"]
[["16276", 54390], ["63405", 16827]]
Prefix: victim_prefix
Last Origin: 63405
[2, 3, "88 6939 4826 16509"]
[["16509", 59398], ["63405", 11941]]
Prefix: victim_prefix
Last Origin: 63405
[2, 2, "88 6939 24940"]
[["24940", 49286], ["63405", 21866]]
Prefix: victim_prefix
Last Origin: 63405
[2, 2, "88 6939 7922"]
[["7922", 41555], ["63405", 29580]]
Prefix: victim_prefix
Last Origin: 63405
[2, 2, "88 6939 5650"]
[["5650", 24984], ["63405", 46151]]
Prefix: victim_prefix
Last Origin: 63405
[2, 3, "88 6939 40676 61272"]
[["61272", 54913], ["63405", 16399]]
Prefix: victim_prefix
Last Origin: 63405
[2, 3, "88 6939 43531 15557"]
[["15557", 52182], ["63405", 19100]]
Prefix: victim_prefix
Last Origin: 63405
[2, 3, "88 6939 2828 63405"]
[["397550", 20421], ["63405", 50717]]
Prefix: victim_prefix
Last Origin: 63405
[2, 3, "88 6939 2828 63405"]
[["6752", 24173], ["63405", 46965]]
Prefix: victim_prefix
Last Origin: 63405
[2, 3, "88 6939 47147 197540"]
[["197540", 31591], ["63405", 39553]]
Prefix: victim_prefix
Last Origin: 63405
[2, 4, "88 6939 4826 16265 60781"]
[["60781", 50659], ["63405", 20554]]
Prefix: victim_prefix
Last Origin: 63405
[2, 4, "88 6939 4826 16509 14618"]
[["14618", 51581], ["63405", 19758]]
Prefix: victim_prefix
Last Origin: 63405
[2, 6, "88 6939 4826 32787 2516 9370 7684"]
[["7684", 43583], ["63405", 27694]]
Prefix: victim_prefix
Last Origin: 63405
[2, 3, "88 6939 2828 63405"]
[["3352", 10221], ["63405", 60914]]
Prefix: victim_prefix
Last Origin: 63405
[2, 5, "88 6939 4826 32787 12200 19994"]
[["19994", 43068], ["63405", 28209]]
Prefix: victim_prefix
Last Origin: 63405
[2, 2, "88 6939 7018"]
[["7018", 36055], ["63405", 35080]]
Prefix: victim_prefix
Last Origin: 63405
[2, 2, "88 6939 39572"]
[["39572", 45903], ["63405", 25246]]
Prefix: victim_prefix
Last Origin: 63405
[2, 4, "88 62532 11164 4637 14061"]
[["14061", 56270], ["63405", 14953]]
Prefix: victim_prefix
Last Origin: 63405
[2, 3, "88 6939 4826 31898"]
[["31898", 56299], ["63405", 15005]]
Prefix: victim_prefix
Last Origin: 63405
[2, 2, "88 6939 5466"]
[["5466", 38988], ["63405", 32150]]
Prefix: victim_prefix
Last Origin: 63405
[2, 3, "88 6939 2828 63405"]
[["212531", 1], ["63405", 71135]]
Prefix: victim_prefix
Last Origin: 63405
[2, 5, "88 6939 40676 393398 23033 62904"]
[["62904", 51703], ["63405", 19609]]
Prefix: victim_prefix
Last Origin: 63405
[2, 2, "88 6939 701"]
[["701", 36478], ["63405", 34657]]
Prefix: victim_prefix
Last Origin: 63405
[2, 5, "88 6939 4826 9009 13194 20910"]
[["20910", 48179], ["63405", 23128]]
Prefix: victim_prefix
Last Origin: 63405
[2, 3, "88 6939 2828 63405"]
[["60131", 1], ["63405", 71135]]
Prefix: victim_prefix
Last Origin: 63405
[2, 3, "88 6939 2828 63405"]
[["30491", 17857], ["63405", 53281]]
Prefix: victim_prefix
Last Origin: 63405
[2, 4, "88 6939 4538 9808 45090"]
[["45090", 39282], ["63405", 31992]]
Prefix: victim_prefix
Last Origin: 63405
[2, 3, "88 6939 4651 9931"]
[["9931", 43970], ["63405", 27294]]
Prefix: victim_prefix
Last Origin: 63405
[2, 2, "88 6939 395502"]
[["395502", 58813], ["63405", 12512]]
Prefix: victim_prefix
Last Origin: 63405
[2, 5, "88 6939 59318 13335 5408 47616"]
[["47616", 49670], ["63405", 21683]]
Prefix: victim_prefix
Last Origin: 63405
[2, 2, "88 6939 44901"]
[["44901", 57893], ["63405", 13312]]
Prefix: victim_prefix
Last Origin: 63405
[2, 3, "88 6939 4826 20473"]
[["20473", 56540], ["63405", 14752]]
Prefix: victim_prefix
Last Origin: 63405
[2, 4, "88 6939 43531 29169 203476"]
[["203476", 44467], ["63405", 26815]]
Prefix: victim_prefix
Last Origin: 63405
[2, 4, "88 21976 7922 3223 40994"]
[["40994", 49973], ["63405", 21306]]
Prefix: victim_prefix
Last Origin: 63405
[2, 4, "88 6939 4826 8220 51167"]
[["51167", 50870], ["63405", 20428]]
Prefix: victim_prefix
Last Origin: 63405
[2, 2, "88 6939 30722"]
[["30722", 30510], ["63405", 40626]]
Prefix: victim_prefix
Last Origin: 63405
[2, 2, "88 6939 45839"]
[["45839", 58720], ["63405", 12638]]
Prefix: victim_prefix
Last Origin: 63405
[2, 2, "88 6939 49981"]
[["49981", 51144], ["63405", 20017]]
Prefix: victim_prefix
Last Origin: 63405
[2, 2, "88 6939 45102"]
[["45102", 60110], ["63405", 11213]]
Prefix: victim_prefix
Last Origin: 63405
[2, 2, "88 6939 19624"]
[["19624", 55378], ["63405", 15827]]
Prefix: victim_prefix
Last Origin: 63405
[2, 3, "88 6939 2828 63405"]
[["3215", 3642], ["63405", 67493]]
Prefix: victim_prefix
Last Origin: 63405
[2, 2, "88 6939 1136"]
[["1136", 31414], ["63405", 39727]]
Prefix: victim_prefix
Last Origin: 63405
[2, 3, "88 6939 43531 3209"]
[["3209", 51109], ["63405", 20173]]
Prefix: victim_prefix
Last Origin: 63405
[2, 2, "88 6939 22773"]
[["22773", 57818], ["63405", 13459]]
Prefix: victim_prefix
Last Origin: 63405
[2, 3, "88 6939 4826 36351"]
[["36351", 62565], ["63405", 8791]]
Prefix: victim_prefix
Last Origin: 63405
[2, 4, "88 62532 11164 5650 63405"]
[["396982", 41213], ["63405", 30046]]
Prefix: victim_prefix
Last Origin: 63405
[2, 2, "88 6939 8708"]
[["8708", 47423], ["63405", 23717]]
Prefix: victim_prefix
Last Origin: 63405
[2, 5, "88 6939 12389 9049 13094 42676"]
[["42676", 52399], ["63405", 18897]]
Prefix: victim_prefix
Last Origin: 63405
[2, 3, "88 6939 2828 63405"]
[["136000", 16742], ["63405", 54414]]
Prefix: victim_prefix
Last Origin: 63405
[2, 4, "88 62532 11164 6461 12876"]
[["12876", 52759], ["63405", 18497]]
Prefix: victim_prefix
Last Origin: 63405
[2, 3, "88 6939 4766 4837"]
[["4837", 52230], ["63405", 19045]]
Prefix: victim_prefix
Last Origin: 63405
[2, 2, "88 6939 7992"]
[["7992", 29426], ["63405", 41713]]
Prefix: victim_prefix
Last Origin: 63405
[2, 3, "88 6939 4826 1221"]
[["1221", 46890], ["63405", 24326]]
Prefix: victim_prefix
Last Origin: 63405
[2, 4, "88 6939 12389 39134 197695"]
[["197695", 49434], ["63405", 21833]]
Prefix: victim_prefix
Last Origin: 63405
[2, 3, "88 6939 12389 31257"]
[["31257", 48492], ["63405", 22772]]
Prefix: victim_prefix
Last Origin: 63405
[2, 2, "88 6939 12741"]
[["12741", 35783], ["63405", 35365]]
Prefix: victim_prefix
Last Origin: 63405
[2, 3, "88 6939 43531 29075"]
[["29075", 54624], ["63405", 16659]]
Prefix: victim_prefix
Last Origin: 63405
[2, 4, "88 6939 8551 19551 22612"]
[["22612", 55786], ["63405", 15578]]
Prefix: victim_prefix
Last Origin: 63405
[2, 2, "88 6939 30798"]
[["30798", 30485], ["63405", 40659]]
Prefix: victim_prefix
Last Origin: 63405
[2, 2, "88 6939 3320"]
[["3320", 40828], ["63405", 30307]]
Prefix: victim_prefix
Last Origin: 63405
[2, 3, "88 6939 2828 63405"]
[["44812", 23104], ["63405", 48048]]
Prefix: victim_prefix
Last Origin: 63405
[2, 5, "88 6939 58057 34800 20773 8972"]
[["8972", 46030], ["63405", 25276]]
Prefix: victim_prefix
Last Origin: 63405
[2, 6, "88 6939 7311 21949 23498 19835 812"]
[["812", 52040], ["63405", 19295]]
Prefix: victim_prefix
Last Origin: 63405
[2, 4, "88 6939 263237 7049 27833"]
[["27833", 43470], ["63405", 27819]]
Prefix: victim_prefix
Last Origin: 63405
[2, 3, "88 6939 3303 15600"]
[["15600", 53068], ["63405", 18139]]
Prefix: victim_prefix
Last Origin: 63405
[2, 3, "88 6939 4826 63949"]
[["63949", 54922], ["63405", 16360]]
Prefix: victim_prefix
Last Origin: 63405
[2, 2, "88 6939 6300"]
[["6300", 55180], ["63405", 16025]]
Prefix: victim_prefix
Last Origin: 63405
[2, 2, "88 6939 7545"]
[["7545", 58617], ["63405", 12679]]
Prefix: victim_prefix
Last Origin: 63405
[2, 3, "88 6939 2828 63405"]
[["12322", 27989], ["63405", 43149]]
Prefix: victim_prefix
Last Origin: 63405
[2, 2, "88 6939 20115"]
[["20115", 55160], ["63405", 16042]]
Prefix: victim_prefix
Last Origin: 63405
[2, 2, "88 6939 16125"]
[["16125", 57530], ["63405", 13776]]
Prefix: victim_prefix
Last Origin: 63405
[2, 2, "88 6939 8412"]
[["8412", 43059], ["63405", 28093]]
Prefix: victim_prefix
Last Origin: 63405
[2, 2, "88 6939 32097"]
[["32097", 56131], ["63405", 15074]]
Prefix: victim_prefix
Last Origin: 63405
[2, 4, "88 6939 43531 2856 6871"]
[["6871", 43082], ["63405", 28200]]
Prefix: victim_prefix
Last Origin: 63405
[2, 2, "88 6939 4764"]
[["4764", 57599], ["63405", 13617]]
Prefix: victim_prefix
Last Origin: 63405
[2, 2, "88 6939 36666"]
[["36666", 30802], ["63405", 40338]]
Prefix: victim_prefix
Last Origin: 63405
[2, 4, "88 62532 11164 5650 63405"]
[["197226", 35258], ["63405", 35950]]
Prefix: victim_prefix
Last Origin: 63405
[2, 5, "88 6939 12389 57724 41327 43989"]
[["43989", 50866], ["63405", 20445]]
Prefix: victim_prefix
Last Origin: 63405
[2, 3, "88 6939 4826 8075"]
[["8075", 55711], ["63405", 15577]]
Prefix: victim_prefix
Last Origin: 63405
[2, 2, "88 6939 35807"]
[["35807", 48109], ["63405", 23060]]
Prefix: victim_prefix
Last Origin: 63405
[2, 3, "88 21976 7922 3223"]
[["3223", 49750], ["63405", 21528]]
Prefix: victim_prefix
Last Origin: 63405
[2, 2, "88 6939 11492"]
[["11492", 51825], ["63405", 19377]]
Prefix: victim_prefix
Last Origin: 63405
[2, 3, "88 6939 12389 12683"]
[["12683", 44235], ["63405", 27028]]
Prefix: victim_prefix
Last Origin: 63405
[2, 2, "88 6939 25596"]
[["25596", 46461], ["63405", 24697]]
Prefix: victim_prefix
Last Origin: 63405
[2, 2, "88 6939 6805"]
[["6805", 33332], ["63405", 37804]]
Prefix: victim_prefix
Last Origin: 63405
[2, 5, "88 6939 37662 4809 4134 8400"]
[["8400", 51807], ["63405", 19482]]
Prefix: victim_prefix
Last Origin: 63405
[2, 4, "88 6939 43531 21385 31400"]
[["31400", 48582], ["63405", 22701]]
Prefix: victim_prefix
Last Origin: 63405
[2, 3, "88 6939 2828 63405"]
[["201206", 19895], ["63405", 51257]]
Prefix: victim_prefix
Last Origin: 63405
[2, 2, "88 6939 7459"]
[["7459", 65895], ["63405", 5253]]
Prefix: victim_prefix
Last Origin: 63405
[2, 3, "88 6939 2828 63405"]
[["44365", 28128], ["63405", 43030]]
Prefix: victim_prefix
Last Origin: 63405
[2, 2, "88 6939 29802"]
[["29802", 57542], ["63405", 13740]]
Prefix: victim_prefix
Last Origin: 63405
[2, 3, "88 6939 4826 18390"]
[["18390", 47677], ["63405", 23542]]
Prefix: victim_prefix
Last Origin: 63405
[2, 4, "88 62532 11164 5650 63405"]
[["40244", 44575], ["63405", 26684]]
Prefix: victim_prefix
Last Origin: 63405
[2, 3, "88 62532 11164 6327"]
[["6327", 50037], ["63405", 21219]]
Prefix: victim_prefix
Last Origin: 63405
[2, 3, "88 6939 2828 63405"]
[["5089", 6800], ["63405", 64336]]
Prefix: victim_prefix
Last Origin: 63405
[2, 3, "88 6939 51765 200651"]
[["200651", 47577], ["63405", 23701]]
Prefix: victim_prefix
Last Origin: 63405
[2, 2, "88 6939 50297"]
[["50297", 15625], ["63405", 55513]]
Prefix: victim_prefix
Last Origin: 63405
[2, 4, "88 6939 20115 7843 33363"]
[["33363", 41024], ["63405", 30232]]
Prefix: victim_prefix
Last Origin: 63405
[2, 4, "88 6939 4826 58453 55799"]
[["55799", 50090], ["63405", 21194]]
Prefix: victim_prefix
Last Origin: 63405
[2, 2, "88 6939 13188"]
[["13188", 57380], ["63405", 13829]]
Prefix: victim_prefix
Last Origin: 63405
[2, 4, "88 21976 7922 3223 5483"]
[["5483", 51270], ["63405", 20008]]
Prefix: victim_prefix
Last Origin: 63405
[2, 4, "88 62532 11164 5650 63405"]
[["21554", 44467], ["63405", 26790]]
Prefix: victim_prefix
Last Origin: 63405
[2, 2, "88 6939 29550"]
[["29550", 31603], ["63405", 39533]]
Prefix: victim_prefix
Last Origin: 63405
[2, 2, "88 6939 12430"]
[["12430", 33977], ["63405", 37159]]
Prefix: victim_prefix
Last Origin: 63405
[2, 2, "88 6939 16591"]
[["16591", 24982], ["63405", 46153]]
Prefix: victim_prefix
Last Origin: 63405
[2, 2, "88 6939 6848"]
[["6848", 15561], ["63405", 55575]]
Prefix: victim_prefix
Last Origin: 63405
[2, 5, "88 21976 7922 3223 31543 31394"]
[["31394", 46956], ["63405", 24322]]
Prefix: victim_prefix
Last Origin: 63405
[2, 2, "88 6939 6855"]
[["6855", 19797], ["63405", 51339]]
Prefix: victim_prefix
Last Origin: 63405
[2, 4, "88 6939 4826 1221 135887"]
[["135887", 35475], ["63405", 35741]]
Prefix: victim_prefix
Last Origin: 63405
[2, 3, "88 6939 2828 63405"]
[["33915", 6016], ["63405", 65120]]
Prefix: victim_prefix
Last Origin: 63405
[2, 3, "88 6939 6461 11232"]
[["11232", 42192], ["63405", 28948]]
Prefix: victim_prefix
Last Origin: 63405
[2, 3, "88 6939 2828 63405"]
[["209", 30783], ["63405", 40352]]
Prefix: victim_prefix
Last Origin: 63405
[2, 2, "88 6939 2119"]
[["2119", 43662], ["63405", 27476]]
Prefix: victim_prefix
Last Origin: 63405
[2, 2, "88 6939 1741"]
[["1741", 30152], ["63405", 41015]]
Prefix: victim_prefix
Last Origin: 63405
[2, 2, "88 6939 54415"]
[["54415", 51306], ["63405", 19896]]
Prefix: victim_prefix
Last Origin: 63405
[2, 3, "88 6939 1273 5378"]
[["5378", 26932], ["63405", 44204]]
Prefix: victim_prefix
Last Origin: 63405
[2, 3, "88 6939 199524 47674"]
[["47674", 53342], ["63405", 17982]]
Prefix: victim_prefix
Last Origin: 63405
[2, 4, "88 6939 12389 31500 39709"]
[["39709", 48336], ["63405", 22945]]
Prefix: victim_prefix
Last Origin: 63405
[2, 3, "88 6939 12389 48347"]
[["48347", 52265], ["63405", 19059]]
Prefix: victim_prefix
Last Origin: 63405
[2, 2, "88 6939 855"]
[["855", 30663], ["63405", 40473]]
Prefix: victim_prefix
Last Origin: 63405
[2, 2, "88 6939 16086"]
[["16086", 33147], ["63405", 37991]]
Prefix: victim_prefix
Last Origin: 63405
[2, 2, "88 6939 131896"]
[["131896", 37756], ["63405", 33402]]
Prefix: victim_prefix
Last Origin: 63405
[2, 3, "88 6939 2828 63405"]
[["719", 21928], ["63405", 49216]]
Prefix: victim_prefix
Last Origin: 63405
[2, 3, "88 6939 2828 63405"]
[["41075", 12633], ["63405", 58506]]
Prefix: victim_prefix
Last Origin: 63405
[2, 3, "88 62532 11164 49544"]
[["49544", 51029], ["63405", 20189]]
Prefix: victim_prefix
Last Origin: 63405
[2, 6, "88 6939 4826 32787 61157 20830 20676"]
[["20676", 46755], ["63405", 24522]]
Prefix: victim_prefix
Last Origin: 63405
[2, 2, "88 6939 12353"]
[["12353", 30535], ["63405", 40601]]
Prefix: victim_prefix
Last Origin: 63405
[2, 4, "88 62532 11164 4134 43350"]
[["43350", 49386], ["63405", 21870]]
Prefix: victim_prefix
Last Origin: 63405
[2, 2, "88 6939 39351"]
[["39351", 48555], ["63405", 22600]]
Prefix: victim_prefix
Last Origin: 63405
[2, 2, "88 6939 20857"]
[["20857", 37950], ["63405", 33190]]
Prefix: victim_prefix
Last Origin: 63405
[2, 4, "88 6939 20115 7843 10796"]
[["10796", 41771], ["63405", 29486]]
Prefix: victim_prefix
Last Origin: 63405
[2, 4, "88 6939 4826 8220 42730"]
[["42730", 48329], ["63405", 22969]]
Prefix: victim_prefix
Last Origin: 63405
[2, 5, "88 6939 7311 21949 23498 26832"]
[["26832", 51621], ["63405", 19714]]
Prefix: victim_prefix
Last Origin: 63405
[2, 3, "88 6939 18779 36352"]
[["36352", 54297], ["63405", 17039]]
Prefix: victim_prefix
Last Origin: 63405
[2, 2, "88 6939 6079"]
[["6079", 47176], ["63405", 23972]]
Prefix: victim_prefix
Last Origin: 63405
[2, 2, "88 6939 8251"]
[["8251", 29395], ["63405", 41744]]
Prefix: victim_prefix
Last Origin: 63405
[2, 3, "88 6939 12389 9123"]
[["9123", 52918], ["63405", 18362]]
Prefix: victim_prefix
Last Origin: 63405
[2, 3, "88 6939 2828 63405"]
[["20963", 21374], ["63405", 49782]]
Prefix: victim_prefix
Last Origin: 63405
[2, 2, "88 6939 14828"]
[["14828", 56013], ["63405", 15192]]
Prefix: victim_prefix
Last Origin: 63405
[2, 6, "88 21976 7922 8047 22284 3549 63405"]
[["35592", 44157], ["63405", 27121]]
Prefix: victim_prefix
Last Origin: 63405
[2, 4, "88 6939 45430 136897 135377"]
[["135377", 54603], ["63405", 16755]]
Prefix: victim_prefix
Last Origin: 63405
[2, 3, "88 6939 12389 49505"]
[["49505", 55239], ["63405", 16085]]
Prefix: victim_prefix
Last Origin: 63405
[2, 4, "88 62532 11164 5650 63405"]
[["213373", 43321], ["63405", 27895]]
Prefix: victim_prefix
Last Origin: 63405
[2, 2, "88 6939 32489"]
[["32489", 42155], ["63405", 28984]]
Prefix: victim_prefix
Last Origin: 63405
[2, 2, "88 6939 8473"]
[["8473", 39696], ["63405", 31447]]
Prefix: victim_prefix
Last Origin: 63405
[2, 3, "88 6939 2828 63405"]
[["36223", 17857], ["63405", 53281]]
Prefix: victim_prefix
Last Origin: 63405
[2, 4, "88 6939 4657 3758 9506"]
[["9506", 39685], ["63405", 31534]]
Prefix: victim_prefix
Last Origin: 63405
[2, 2, "88 6939 30600"]
[["30600", 55149], ["63405", 16056]]
Prefix: victim_prefix
Last Origin: 63405
[2, 3, "88 6939 37613 6758"]
[["6758", 54462], ["63405", 16817]]
Prefix: victim_prefix
Last Origin: 63405
[2, 2, "88 6939 6724"]
[["6724", 64785], ["63405", 6351]]
Prefix: victim_prefix
Last Origin: 63405
[2, 3, "88 6939 20115 33588"]
[["33588", 42527], ["63405", 28729]]
Prefix: victim_prefix
Last Origin: 63405
[2, 2, "88 6939 13030"]
[["13030", 47504], ["63405", 23637]]
Prefix: victim_prefix
Last Origin: 63405
[2, 3, "88 62532 11164 852"]
[["852", 49499], ["63405", 21757]]
Prefix: victim_prefix
Last Origin: 63405
[2, 3, "88 6939 8151 136907"]
[["136907", 59962], ["63405", 11401]]
Prefix: victim_prefix
Last Origin: 63405
[2, 4, "88 21976 7922 3223 13886"]
[["13886", 51389], ["63405", 19889]]
Prefix: victim_prefix
Last Origin: 63405
[2, 2, "88 6939 5645"]
[["5645", 24653], ["63405", 46484]]
Prefix: victim_prefix
Last Origin: 63405
[2, 2, "88 6939 21334"]
[["21334", 30387], ["63405", 40750]]
Prefix: victim_prefix
Last Origin: 63405
[2, 4, "88 6939 63213 396998 46475"]
[["46475", 55952], ["63405", 15383]]
Prefix: victim_prefix
Last Origin: 63405
[2, 3, "88 6939 2828 63405"]
[["398844", 1], ["63405", 71134]]
Prefix: victim_prefix
Last Origin: 63405
[2, 3, "88 6939 48964 56623"]
[["56623", 53331], ["63405", 17993]]
Prefix: victim_prefix
Last Origin: 63405
[2, 4, "88 6939 20115 7843 12271"]
[["12271", 41635], ["63405", 29621]]
Prefix: victim_prefix
Last Origin: 63405
[2, 4, "88 6939 271 11814 33139"]
[["33139", 43382], ["63405", 27874]]
Prefix: victim_prefix
Last Origin: 63405
[2, 5, "88 21976 7922 60068 42156 60404"]
[["60404", 48916], ["63405", 22385]]
Prefix: victim_prefix
Last Origin: 63405
[2, 2, "88 6939 20055"]
[["20055", 43114], ["63405", 28026]]
Prefix: victim_prefix
Last Origin: 63405
[2, 2, "88 6939 2860"]
[["2860", 31535], ["63405", 39603]]
Prefix: victim_prefix
Last Origin: 63405
[2, 2, "88 6939 43205"]
[["43205", 42442], ["63405", 28700]]
Prefix: victim_prefix
Last Origin: 63405
[2, 3, "88 6939 2828 63405"]
[["11776", 62891], ["63405", 8248]]
Prefix: victim_prefix
Last Origin: 63405
[2, 3, "88 6939 2828 63405"]
[["54858", 5727], ["63405", 65409]]
Prefix: victim_prefix
Last Origin: 63405
[2, 2, "88 6939 3303"]
[["3303", 60056], ["63405", 11151]]
Prefix: victim_prefix
Last Origin: 63405
[2, 2, "88 6939 22653"]
[["22653", 51789], ["63405", 19413]]
Prefix: victim_prefix
Last Origin: 63405
[2, 2, "88 6939 9050"]
[["9050", 36906], ["63405", 34233]]
Prefix: victim_prefix
Last Origin: 63405
[2, 5, "88 6939 58057 34800 57344 42049"]
[["42049", 47983], ["63405", 23323]]
Prefix: victim_prefix
Last Origin: 63405
[2, 3, "88 6939 2828 63405"]
[["3249", 16625], ["63405", 54511]]
Prefix: victim_prefix
Last Origin: 63405
[2, 4, "88 21976 7922 3223 34779"]
[["34779", 55318], ["63405", 15960]]
Prefix: victim_prefix
Last Origin: 63405
[2, 5, "88 21976 7922 3223 29119 205898"]
[["205898", 46717], ["63405", 24561]]
Prefix: victim_prefix
Last Origin: 63405
[2, 4, "88 6939 3326 8641 42892"]
[["42892", 51769], ["63405", 19521]]
Prefix: victim_prefix
Last Origin: 63405
[2, 3, "88 6939 3303 5769"]
[["5769", 53330], ["63405", 17877]]
Prefix: victim_prefix
Last Origin: 63405
[2, 2, "88 6939 577"]
[["577", 66799], ["63405", 4337]]
Prefix: victim_prefix
Last Origin: 63405
[2, 3, "88 6939 2828 63405"]
[["9105", 17679], ["63405", 53463]]
Prefix: victim_prefix
Last Origin: 63405
[2, 3, "88 6939 12389 13259"]
[["13259", 50582], ["63405", 20742]]
Prefix: victim_prefix
Last Origin: 63405
[2, 2, "88 6939 36493"]
[["36493", 57692], ["63405", 13600]]
Prefix: victim_prefix
Last Origin: 63405
[2, 3, "88 6939 50607 197162"]
[["197162", 39908], ["63405", 31309]]
Prefix: victim_prefix
Last Origin: 63405
[2, 4, "88 6939 12389 29076 49106"]
[["49106", 54855], ["63405", 16469]]
Prefix: victim_prefix
Last Origin: 63405
[2, 3, "88 6939 2828 63405"]
[["36149", 23288], ["63405", 47851]]
Prefix: victim_prefix
Last Origin: 63405
[2, 3, "88 6939 2828 63405"]
[["50963", 23081], ["63405", 48083]]
Prefix: victim_prefix
Last Origin: 63405
[2, 3, "88 6939 43531 59445"]
[["59445", 48533], ["63405", 22767]]
Prefix: victim_prefix
Last Origin: 63405
[2, 5, "88 6939 8151 28513 4230 28573"]
[["28573", 46145], ["63405", 25131]]
Prefix: victim_prefix
Last Origin: 63405
[2, 5, "88 6939 4826 32787 2516 2527"]
[["2527", 50644], ["63405", 20634]]
Prefix: victim_prefix
Last Origin: 63405
[2, 3, "88 6939 2828 63405"]
[["50066", 10031], ["63405", 61106]]
Prefix: victim_prefix
Last Origin: 63405
[2, 3, "88 6939 12389 12668"]
[["12668", 54556], ["63405", 16755]]
Prefix: victim_prefix
Last Origin: 63405
[2, 2, "88 6939 201453"]
[["201453", 55390], ["63405", 15888]]
Prefix: victim_prefix
Last Origin: 63405
[2, 3, "88 6939 53356 12212"]
[["12212", 53670], ["63405", 17666]]
Prefix: victim_prefix
Last Origin: 63405
[2, 2, "88 6939 12389"]
[["12389", 59357], ["63405", 11906]]
Prefix: victim_prefix
Last Origin: 63405
[2, 2, "88 6939 201814"]
[["201814", 53378], ["63405", 17824]]
Prefix: victim_prefix
Last Origin: 63405
[2, 2, "88 6939 50304"]
[["50304", 43011], ["63405", 28132]]
Prefix: victim_prefix
Last Origin: 63405
[2, 2, "88 6939 201548"]
[["201548", 28252], ["63405", 42903]]
Prefix: victim_prefix
Last Origin: 63405
[2, 2, "88 6939 13037"]
[["13037", 29228], ["63405", 41908]]
Prefix: victim_prefix
Last Origin: 63405
[2, 3, "88 6939 8657 3243"]
[["3243", 36170], ["63405", 35035]]
Prefix: victim_prefix
Last Origin: 63405
[2, 3, "88 6939 2828 63405"]
[["43571", 25028], ["63405", 46128]]
Prefix: victim_prefix
Last Origin: 63405
[2, 3, "88 6939 4826 9009"]
[["9009", 58300], ["63405", 13006]]
Prefix: victim_prefix
Last Origin: 63405
[2, 2, "88 6939 21413"]
[["21413", 43601], ["63405", 27551]]
Prefix: victim_prefix
Last Origin: 63405
[2, 3, "88 6939 2828 63405"]
[["42580", 9000], ["63405", 62138]]
Prefix: victim_prefix
Last Origin: 63405
[2, 4, "88 6939 4826 16265 59253"]
[["59253", 50798], ["63405", 20418]]
Prefix: victim_prefix
Last Origin: 63405
[2, 2, "88 6939 50266"]
[["50266", 36773], ["63405", 34368]]
Prefix: victim_prefix
Last Origin: 63405
[2, 3, "88 6939 4657 55430"]
[["55430", 47285], ["63405", 23934]]
Prefix: victim_prefix
Last Origin: 63405
[2, 3, "88 6939 12389 12714"]
[["12714", 51621], ["63405", 19643]]
Prefix: victim_prefix
Last Origin: 63405
[2, 2, "88 6939 6181"]
[["6181", 55555], ["63405", 15650]]
Prefix: victim_prefix
Last Origin: 63405
[2, 2, "88 6939 8551"]
[["8551", 59122], ["63405", 12184]]
Prefix: victim_prefix
Last Origin: 63405
[2, 4, "88 62532 11164 5650 63405"]
[["30781", 48573], ["63405", 22683]]
Prefix: victim_prefix
Last Origin: 63405
[2, 3, "88 6939 2828 63405"]
[["3301", 11366], ["63405", 59770]]
Prefix: victim_prefix
Last Origin: 63405
[2, 3, "88 6939 12389 7979"]
[["7979", 54351], ["63405", 16916]]
Prefix: victim_prefix
Last Origin: 63405
[2, 3, "88 6939 2828 63405"]
[["34197", 5640], ["63405", 65495]]
Prefix: victim_prefix
Last Origin: 63405
[2, 2, "88 6939 36012"]
[["36012", 52057], ["63405", 19145]]
Prefix: victim_prefix
Last Origin: 63405
[2, 2, "88 6939 3786"]
[["3786", 47468], ["63405", 23690]]
Prefix: victim_prefix
Last Origin: 63405
[2, 3, "88 6939 43531 2856"]
[["2856", 47655], ["63405", 23627]]
Prefix: victim_prefix
Last Origin: 63405
[2, 3, "88 6939 2828 63405"]
[["2848", 27236], ["63405", 43939]]
Prefix: victim_prefix
Last Origin: 63405
[2, 3, "88 6939 35297 41018"]
[["41018", 53989], ["63405", 17336]]
Prefix: victim_prefix
Last Origin: 63405
[2, 4, "88 6939 58057 34800 15943"]
[["15943", 51671], ["63405", 19635]]
Prefix: victim_prefix
Last Origin: 63405
[2, 2, "88 6939 62240"]
[["62240", 35320], ["63405", 35818]]
Prefix: victim_prefix
Last Origin: 63405
[2, 4, "88 6939 3303 6774 5432"]
[["5432", 40369], ["63405", 30838]]
Prefix: victim_prefix
Last Origin: 63405
[2, 4, "88 6939 12389 31500 44477"]
[["44477", 45804], ["63405", 25477]]
Prefix: victim_prefix
Last Origin: 63405
[2, 2, "88 6939 46375"]
[["46375", 29259], ["63405", 41880]]
Prefix: victim_prefix
Last Origin: 63405
[2, 4, "88 6939 20115 7843 20001"]
[["20001", 41684], ["63405", 29572]]
Prefix: victim_prefix
Last Origin: 63405
[2, 5, "88 21976 7922 3223 8717 61098"]
[["61098", 56475], ["63405", 14805]]
Prefix: victim_prefix
Last Origin: 63405
[2, 6, "88 21976 7922 8047 22284 3549 63405"]
[["15962", 42846], ["63405", 28432]]
Prefix: victim_prefix
Last Origin: 63405
[2, 4, "88 6939 4826 32787 3269"]
[["3269", 44828], ["63405", 26449]]
Prefix: victim_prefix
Last Origin: 63405
[2, 4, "88 6939 4826 32787 2516"]
[["2516", 50416], ["63405", 20861]]
Prefix: victim_prefix
Last Origin: 63405
[2, 2, "88 6939 5607"]
[["5607", 31886], ["63405", 39251]]
Prefix: victim_prefix
Last Origin: 63405
[2, 2, "88 6939 29518"]
[["29518", 24906], ["63405", 46230]]
Prefix: victim_prefix
Last Origin: 63405
[2, 3, "88 6939 23520 27775"]
[["27775", 39758], ["63405", 31447]]
Prefix: victim_prefix
Last Origin: 63405
[2, 2, "88 6939 19165"]
[["19165", 58735], ["63405", 12470]]
Prefix: victim_prefix
Last Origin: 63405
[2, 2, "88 6939 1257"]
[["1257", 39060], ["63405", 32078]]
Prefix: victim_prefix
Last Origin: 63405
[2, 3, "88 6939 3326 6876"]
[["6876", 54091], ["63405", 17173]]
Prefix: victim_prefix
Last Origin: 63405
[2, 3, "88 6939 1273 8402"]
[["8402", 38633], ["63405", 32516]]
Prefix: victim_prefix
Last Origin: 63405
[2, 4, "88 6939 12389 25478 35032"]
[["35032", 52238], ["63405", 19026]]
Prefix: victim_prefix
Last Origin: 63405
[2, 3, "88 6939 3303 12874"]
[["12874", 52865], ["63405", 18347]]
Prefix: victim_prefix
Last Origin: 63405
[2, 2, "88 6939 30027"]
[["30027", 55146], ["63405", 16059]]
Prefix: victim_prefix
Last Origin: 63405
[2, 3, "88 62532 11164 4134"]
[["4134", 53026], ["63405", 18230]]
Prefix: victim_prefix
Last Origin: 63405
[2, 2, "88 6939 37628"]
[["37628", 24453], ["63405", 46696]]
Prefix: victim_prefix
Last Origin: 63405
[2, 3, "88 6939 2828 63405"]
[["29893", 17857], ["63405", 53281]]
Prefix: victim_prefix
Last Origin: 63405
[2, 4, "88 62532 11164 5650 63405"]
[["29028", 44674], ["63405", 26542]]
Prefix: victim_prefix
Last Origin: 63405
[2, 4, "88 62532 11164 49544 198485"]
[["198485", 39880], ["63405", 31338]]
Prefix: victim_prefix
Last Origin: 63405
[2, 2, "88 6939 16532"]
[["16532", 22661], ["63405", 48475]]
Prefix: victim_prefix
Last Origin: 63405
[2, 3, "88 6939 54415 397444"]
[["397444", 53902], ["63405", 17458]]
Prefix: victim_prefix
Last Origin: 63405
[2, 4, "88 6939 43727 35168 41750"]
[["41750", 48882], ["63405", 22442]]
Prefix: victim_prefix
Last Origin: 63405
[2, 3, "88 6939 2828 63405"]
[["8427", 17875], ["63405", 53270]]
Prefix: victim_prefix
Last Origin: 63405
[2, 4, "88 6939 4826 16265 394380"]
[["394380", 51528], ["63405", 19685]]
Prefix: victim_prefix
Last Origin: 63405
[2, 2, "88 6939 56655"]
[["56655", 27884], ["63405", 43262]]
Prefix: victim_prefix
Last Origin: 63405
[2, 3, "88 6939 2828 63405"]
[["207651", 1], ["63405", 71135]]
Prefix: victim_prefix
Last Origin: 63405
[2, 4, "88 6939 43531 31042 1241"]
[["1241", 47203], ["63405", 24079]]
Prefix: victim_prefix
Last Origin: 63405
[2, 2, "88 6939 213111"]
[["213111", 31231], ["63405", 39917]]
Prefix: victim_prefix
Last Origin: 63405
[2, 4, "88 6939 2381 14877 9"]
[["9", 47914], ["63405", 23370]]
Prefix: victim_prefix
Last Origin: 63405
[2, 4, "88 6939 20115 7843 11427"]
[["11427", 41666], ["63405", 29590]]
Prefix: victim_prefix
Last Origin: 63405
[2, 2, "88 6939 14371"]
[["14371", 56000], ["63405", 15205]]
Prefix: victim_prefix
Last Origin: 63405
[2, 3, "88 6939 33922 8764"]
[["8764", 51486], ["63405", 19820]]
Prefix: victim_prefix
Last Origin: 63405
[2, 2, "88 6939 138195"]
[["138195", 56385], ["63405", 14897]]
Prefix: victim_prefix
Last Origin: 63405
[2, 4, "88 6939 20115 7843 11351"]
[["11351", 40971], ["63405", 30285]]
Prefix: victim_prefix
Last Origin: 63405
[2, 2, "88 6939 6830"]
[["6830", 43246], ["63405", 27890]]
Prefix: victim_prefix
Last Origin: 63405
[2, 2, "88 6939 8560"]
[["8560", 37018], ["63405", 34118]]
Prefix: victim_prefix
Last Origin: 63405
[2, 2, "88 6939 4766"]
[["4766", 59565], ["63405", 11646]]
Prefix: victim_prefix
Last Origin: 63405
[2, 2, "88 6939 48239"]
[["48239", 19636], ["63405", 51503]]
Prefix: victim_prefix
Last Origin: 63405
[2, 2, "88 6939 12578"]
[["12578", 49651], ["63405", 21510]]
Prefix: victim_prefix
Last Origin: 63405
[2, 4, "88 21976 7922 3223 28716"]
[["28716", 49078], ["63405", 22200]]
Prefix: victim_prefix
Last Origin: 63405
[2, 3, "88 6939 2828 63405"]
[["18881", 10696], ["63405", 60439]]
Prefix: victim_prefix
Last Origin: 63405
[2, 4, "88 6939 137409 63953 135352"]
[["135352", 35396], ["63405", 35821]]
Prefix: victim_prefix
Last Origin: 63405
[2, 2, "88 6939 680"]
[["680", 64017], ["63405", 7149]]
Prefix: victim_prefix
Last Origin: 63405
[2, 3, "88 6939 23520 27928"]
[["27928", 44964], ["63405", 26319]]
Prefix: victim_prefix
Last Origin: 63405
[2, 2, "88 6939 2108"]
[["2108", 36368], ["63405", 34798]]
Prefix: victim_prefix
Last Origin: 63405
[2, 3, "88 6939 2828 63405"]
[["206238", 7521], ["63405", 63616]]
Prefix: victim_prefix
Last Origin: 63405
[2, 2, "88 6939 50923"]
[["50923", 49559], ["63405", 21607]]
Prefix: victim_prefix
Last Origin: 63405
[2, 2, "88 6939 43289"]
[["43289", 58293], ["63405", 12985]]
Prefix: victim_prefix
Last Origin: 63405
[2, 3, "88 6939 52320 19429"]
[["19429", 46291], ["63405", 24968]]
Prefix: victim_prefix
Last Origin: 63405
[2, 3, "88 6939 4826 9790"]
[["9790", 40240], ["63405", 30974]]
Prefix: victim_prefix
Last Origin: 63405
[2, 3, "88 6939 8551 44709"]
[["44709", 50073], ["63405", 21233]]
Prefix: victim_prefix
Last Origin: 63405
[2, 2, "88 6939 6730"]
[["6730", 44343], ["63405", 26797]]
Prefix: victim_prefix
Last Origin: 63405
[2, 3, "88 6939 3303 19108"]
[["19108", 55516], ["63405", 15691]]
Prefix: victim_prefix
Last Origin: 63405
[2, 3, "88 6939 2828 63405"]
[["35244", 21924], ["63405", 49231]]
Prefix: victim_prefix
Last Origin: 63405
[2, 4, "88 6939 4766 4837 37963"]
[["37963", 44204], ["63405", 27090]]
Prefix: victim_prefix
Last Origin: 63405
[2, 3, "88 6939 9299 45753"]
[["45753", 51204], ["63405", 20093]]
Prefix: victim_prefix
Last Origin: 63405
[2, 2, "88 6939 15440"]
[["15440", 57695], ["63405", 13612]]
Prefix: victim_prefix
Last Origin: 63405
[2, 2, "88 6939 5610"]
[["5610", 30845], ["63405", 40295]]
Prefix: victim_prefix
Last Origin: 63405
[2, 4, "88 6939 4826 32787 41164"]
[["41164", 44039], ["63405", 27238]]
Prefix: victim_prefix
Last Origin: 63405
[2, 2, "88 6939 201746"]
[["201746", 57260], ["63405", 14025]]
Prefix: victim_prefix
Last Origin: 63405
[2, 2, "88 6939 6315"]
[["6315", 56010], ["63405", 15195]]
Prefix: victim_prefix
Last Origin: 63405
[2, 4, "88 6939 12389 39153 8334"]
[["8334", 40448], ["63405", 30816]]
Prefix: victim_prefix
Last Origin: 63405
[2, 2, "88 6939 19318"]
[["19318", 42478], ["63405", 28661]]
Prefix: victim_prefix
Last Origin: 63405
[2, 2, "88 6939 29909"]
[["29909", 24566], ["63405", 46570]]
Prefix: victim_prefix
Last Origin: 63405
[2, 3, "88 6939 2828 63405"]
[["21283", 20099], ["63405", 51041]]
Prefix: victim_prefix
Last Origin: 63405
[2, 3, "88 6939 6855 48304"]
[["48304", 6383], ["63405", 64753]]
Prefix: victim_prefix
Last Origin: 63405
[2, 5, "88 6939 4826 58453 7738 8167"]
[["8167", 43854], ["63405", 27427]]
Prefix: victim_prefix
Last Origin: 63405
[2, 3, "88 6939 53407 17306"]
[["17306", 48840], ["63405", 22365]]
Prefix: victim_prefix
Last Origin: 63405
[2, 3, "88 6939 2828 63405"]
[["35680", 1], ["63405", 71135]]
Prefix: victim_prefix
Last Origin: 63405
[2, 4, "88 6939 12389 8359 44845"]
[["44845", 49639], ["63405", 21672]]
Prefix: victim_prefix
Last Origin: 63405
[2, 3, "88 6939 2828 63405"]
[["12400", 26224], ["63405", 44916]]
Prefix: victim_prefix
Last Origin: 63405
[2, 2, "88 6939 8881"]
[["8881", 39019], ["63405", 32123]]
Prefix: victim_prefix
Last Origin: 63405
[2, 3, "88 6939 12083 13706"]
[["13706", 31651], ["63405", 39551]]
Prefix: victim_prefix
Last Origin: 63405
[2, 5, "88 6939 58057 34800 57344 203380"]
[["203380", 48211], ["63405", 23095]]
Prefix: victim_prefix
Last Origin: 63405
[2, 4, "88 6939 20115 7843 11426"]
[["11426", 41016], ["63405", 30240]]
Prefix: victim_prefix
Last Origin: 63405
[2, 2, "88 6939 6128"]
[["6128", 45456], ["63405", 25684]]
Prefix: victim_prefix
Last Origin: 63405
[2, 4, "88 6939 4826 16265 61349"]
[["61349", 41768], ["63405", 29445]]
Prefix: victim_prefix
Last Origin: 63405
[2, 2, "88 6939 12479"]
[["12479", 18018], ["63405", 53117]]
Prefix: victim_prefix
Last Origin: 63405
[2, 2, "88 6939 9318"]
[["9318", 45237], ["63405", 25911]]
Prefix: victim_prefix
Last Origin: 63405
[2, 2, "88 6939 35277"]
[["35277", 57121], ["63405", 14094]]
Prefix: victim_prefix
Last Origin: 63405
[2, 3, "88 6939 12389 33991"]
[["33991", 50505], ["63405", 20806]]
Prefix: victim_prefix
Last Origin: 63405
[2, 3, "88 6939 12389 42610"]
[["42610", 45944], ["63405", 25319]]
Prefix: victim_prefix
Last Origin: 63405
[2, 3, "88 6939 40676 30823"]
[["30823", 56092], ["63405", 15233]]
Prefix: victim_prefix
Last Origin: 63405
[2, 4, "88 6939 22773 6130 21581"]
[["21581", 50073], ["63405", 21205]]
Prefix: victim_prefix
Last Origin: 63405
[2, 6, "88 6939 4826 9009 12310 39777 34916"]
[["34916", 46264], ["63405", 25042]]
Prefix: victim_prefix
Last Origin: 63405
[2, 3, "88 6939 12389 25408"]
[["25408", 51762], ["63405", 19502]]
Prefix: victim_prefix
Last Origin: 63405
[2, 3, "88 6939 12389 50340"]
[["50340", 55213], ["63405", 16111]]
Prefix: victim_prefix
Last Origin: 63405
[2, 2, "88 6939 8151"]
[["8151", 59335], ["63405", 11923]]
Prefix: victim_prefix
Last Origin: 63405
[2, 4, "88 6939 63213 396998 26863"]
[["26863", 50018], ["63405", 21317]]
Prefix: victim_prefix
Last Origin: 63405
[2, 2, "88 6939 13767"]
[["13767", 40463], ["63405", 30674]]
Prefix: victim_prefix
Last Origin: 63405
[2, 3, "88 6939 2828 63405"]
[["10297", 22084], ["63405", 49054]]
Prefix: victim_prefix
Last Origin: 63405
[2, 3, "88 6939 45543 24085"]
[["24085", 46800], ["63405", 24496]]
Prefix: victim_prefix
Last Origin: 63405
[2, 3, "88 6939 263237 7418"]
[["7418", 44777], ["63405", 26508]]
Prefix: victim_prefix
Last Origin: 63405
[2, 3, "88 6939 207083 8100"]
[["8100", 51893], ["63405", 19312]]
Prefix: victim_prefix
Last Origin: 63405
[2, 2, "88 6939 198930"]
[["198930", 34929], ["63405", 36214]]
Prefix: victim_prefix
Last Origin: 63405
[2, 4, "88 6939 4657 10099 1836"]
[["1836", 58381], ["63405", 12913]]
Prefix: victim_prefix
Last Origin: 63405
[2, 3, "88 6939 2828 63405"]
[["3790", 2633], ["63405", 68503]]
Prefix: victim_prefix
Last Origin: 63405
[2, 2, "88 6939 16019"]
[["16019", 30906], ["63405", 40230]]
Prefix: victim_prefix
Last Origin: 63405
[2, 3, "88 6939 43531 15502"]
[["15502", 49439], ["63405", 21843]]
Prefix: victim_prefix
Last Origin: 63405
[2, 4, "88 6939 43727 41798 48716"]
[["48716", 46626], ["63405", 24685]]
Prefix: victim_prefix
Last Origin: 63405
[2, 4, "88 62532 11164 6461 27364"]
[["27364", 50130], ["63405", 21129]]
Prefix: victim_prefix
Last Origin: 63405
[2, 4, "88 6939 3303 15600 8821"]
[["8821", 43029], ["63405", 28178]]
Prefix: victim_prefix
Last Origin: 63405
[2, 4, "88 21976 7922 3223 35916"]
[["35916", 50161], ["63405", 21117]]
Prefix: victim_prefix
Last Origin: 63405
[2, 3, "88 6939 2828 63405"]
[["1759", 11247], ["63405", 59889]]
Prefix: victim_prefix
Last Origin: 63405
[2, 4, "88 6939 4766 9929 4808"]
[["4808", 44809], ["63405", 26485]]
Prefix: victim_prefix
Last Origin: 63405
[2, 3, "88 6939 2828 63405"]
[["10439", 17857], ["63405", 53281]]
Prefix: victim_prefix
Last Origin: 63405
[2, 3, "88 6939 2828 63405"]
[["49943", 1], ["63405", 71135]]
Prefix: victim_prefix
Last Origin: 63405
[2, 3, "88 6939 8551 6810"]
[["6810", 49840], ["63405", 21466]]
Prefix: victim_prefix
Last Origin: 63405
[2, 3, "88 6939 2828 63405"]
[["5617", 16944], ["63405", 54193]]
Prefix: victim_prefix
Last Origin: 63405
[2, 2, "88 6939 20845"]
[["20845", 27553], ["63405", 43587]]
Prefix: victim_prefix
Last Origin: 63405
[2, 5, "88 6939 4826 32787 2516 9370"]
[["9370", 49877], ["63405", 21400]]
Prefix: victim_prefix
Last Origin: 63405
[2, 3, "88 6939 2828 63405"]
[["56427", 14832], ["63405", 56311]]
Prefix: victim_prefix
Last Origin: 63405
[2, 2, "88 6939 9299"]
[["9299", 58949], ["63405", 12257]]
Prefix: victim_prefix
Last Origin: 63405
[2, 4, "88 6939 12389 39927 203493"]
[["203493", 47696], ["63405", 23631]]
Prefix: victim_prefix
Last Origin: 63405
[2, 2, "88 6939 12083"]
[["12083", 53263], ["63405", 17939]]
Prefix: victim_prefix
Last Origin: 63405
[2, 3, "88 6939 2828 63405"]
[["27699", 4025], ["63405", 67110]]
Prefix: victim_prefix
Last Origin: 63405
[2, 2, "88 6939 36236"]
[["36236", 60325], ["63405", 10989]]
Prefix: victim_prefix
Last Origin: 63405
[2, 4, "88 6939 3303 48237 31452"]
[["31452", 53938], ["63405", 17387]]
Prefix: victim_prefix
Last Origin: 63405
[2, 3, "88 6939 2828 63405"]
[["174", 44179], ["63405", 26959]]
Prefix: victim_prefix
Last Origin: 63405
[2, 2, "88 6939 395354"]
[["395354", 33934], ["63405", 37205]]
Prefix: victim_prefix
Last Origin: 63405
[2, 4, "88 6939 4826 9009 51248"]
[["51248", 55603], ["63405", 15703]]
Prefix: victim_prefix
Last Origin: 63405
[2, 2, "88 6939 15704"]
[["15704", 45543], ["63405", 25600]]
Prefix: victim_prefix
Last Origin: 63405
[2, 4, "88 21976 7922 60068 42306"]
[["42306", 46576], ["63405", 24724]]
Prefix: victim_prefix
Last Origin: 63405
[2, 3, "88 6939 2828 63405"]
[["57523", 1], ["63405", 71135]]
Prefix: victim_prefix
Last Origin: 63405
[2, 3, "88 6939 9002 199860"]
[["199860", 45811], ["63405", 25358]]
Prefix: victim_prefix
Last Origin: 63405
[2, 3, "88 6939 4826 10143"]
[["10143", 47001], ["63405", 24217]]
Prefix: victim_prefix
Last Origin: 63405
[2, 2, "88 6939 51395"]
[["51395", 51790], ["63405", 19412]]
Prefix: victim_prefix
Last Origin: 63405
[2, 3, "88 6939 43531 45011"]
[["45011", 50086], ["63405", 21196]]
Prefix: victim_prefix
Last Origin: 63405
[2, 4, "88 6939 12389 9049 31363"]
[["31363", 41465], ["63405", 29799]]
Prefix: victim_prefix
Last Origin: 63405
[2, 2, "88 6939 31263"]
[["31263", 20221], ["63405", 50914]]
Prefix: victim_prefix
Last Origin: 63405
[2, 3, "88 6939 2828 63405"]
[["397285", 8945], ["63405", 62194]]
Prefix: victim_prefix
Last Origin: 63405
[2, 6, "88 6939 3326 8641 34123 35539 33993"]
[["33993", 47570], ["63405", 23757]]
Prefix: victim_prefix
Last Origin: 63405
[2, 5, "88 21976 7922 3223 30818 50613"]
[["50613", 43017], ["63405", 28261]]
Prefix: victim_prefix
Last Origin: 63405
[2, 3, "88 6939 2828 63405"]
[["5384", 27362], ["63405", 43787]]
Prefix: victim_prefix
Last Origin: 63405
[2, 2, "88 6939 57269"]
[["57269", 28951], ["63405", 42189]]
Prefix: victim_prefix
Last Origin: 63405
[2, 2, "88 6939 8422"]
[["8422", 49205], ["63405", 21939]]
Prefix: victim_prefix
Last Origin: 63405
[2, 2, "88 6939 27257"]
[["27257", 40669], ["63405", 30472]]
Prefix: victim_prefix
Last Origin: 63405
[2, 2, "88 6939 3737"]
[["3737", 41874], ["63405", 29262]]
Prefix: victim_prefix
Last Origin: 63405
[2, 4, "88 62532 11164 6461 50673"]
[["50673", 57671], ["63405", 13545]]
Prefix: victim_prefix
Last Origin: 63405
[2, 2, "88 6939 34984"]
[["34984", 23831], ["63405", 47305]]
Prefix: victim_prefix
Last Origin: 63405
[2, 2, "88 6939 53667"]
[["53667", 60772], ["63405", 10588]]
Prefix: victim_prefix
Last Origin: 63405
[2, 2, "88 6939 57043"]
[["57043", 56369], ["63405", 14913]]
Prefix: victim_prefix
Last Origin: 63405
[2, 2, "88 6939 50837"]
[["50837", 57957], ["63405", 13351]]
Prefix: victim_prefix
Last Origin: 63405
[2, 2, "88 6939 31246"]
[["31246", 28179], ["63405", 42976]]
Prefix: victim_prefix
Last Origin: 63405
[2, 3, "88 6939 2828 63405"]
[["60144", 60243], ["63405", 10892]]
Prefix: victim_prefix
Last Origin: 63405
[2, 4, "88 6939 4826 16265 31242"]
[["31242", 42282], ["63405", 28933]]
Prefix: victim_prefix
Last Origin: 63405
[2, 3, "88 6939 12389 8359"]
[["8359", 56089], ["63405", 15222]]
Prefix: victim_prefix
Last Origin: 63405
[2, 4, "88 6939 12389 29076 31415"]
[["31415", 54591], ["63405", 16733]]
Prefix: victim_prefix
Last Origin: 63405
[2, 5, "88 6939 58057 34800 20773 29066"]
[["29066", 47459], ["63405", 23847]]
Prefix: victim_prefix
Last Origin: 63405
[2, 4, "88 62532 11164 5650 63405"]
[["17235", 40009], ["63405", 31248]]
Prefix: victim_prefix
Last Origin: 63405
[2, 5, "88 6939 4826 32787 2516 2514"]
[["2514", 47408], ["63405", 23869]]
Prefix: victim_prefix
Last Origin: 63405
[2, 3, "88 6939 2828 63405"]
[["198668", 19702], ["63405", 51453]]
Prefix: victim_prefix
Last Origin: 63405
[2, 3, "88 6939 2828 63405"]
[["29695", 23537], ["63405", 47602]]
Prefix: victim_prefix
Last Origin: 63405
[2, 4, "88 6939 12389 31500 61400"]
[["61400", 55077], ["63405", 16247]]
Prefix: victim_prefix
Last Origin: 63405
[2, 5, "88 6939 8151 28513 4230 6057"]
[["6057", 55296], ["63405", 15980]]
Prefix: victim_prefix
Last Origin: 63405
[2, 3, "88 6939 4826 132857"]
[["132857", 41468], ["63405", 29745]]
Prefix: victim_prefix
Last Origin: 63405
[2, 2, "88 6939 32264"]
[["32264", 57493], ["63405", 13709]]
Prefix: victim_prefix
Last Origin: 63405
[2, 3, "88 6939 40676 63473"]
[["63473", 52656], ["63405", 18656]]
Prefix: victim_prefix
Last Origin: 63405
[2, 2, "88 6939 4181"]
[["4181", 38831], ["63405", 32305]]
Prefix: victim_prefix
Last Origin: 63405
[2, 5, "88 6939 4826 8220 15576 21232"]
[["21232", 53438], ["63405", 17862]]
Prefix: victim_prefix
Last Origin: 63405
[2, 2, "88 6939 15366"]
[["15366", 62985], ["63405", 8151]]
Prefix: victim_prefix
Last Origin: 63405
[2, 4, "88 62532 11164 5650 63405"]
[["34385", 45298], ["63405", 25958]]
Prefix: victim_prefix
Last Origin: 63405
[2, 2, "88 6939 42275"]
[["42275", 32542], ["63405", 38619]]
Prefix: victim_prefix
Last Origin: 63405
[2, 2, "88 6939 30083"]
[["30083", 18008], ["63405", 53128]]
Prefix: victim_prefix
Last Origin: 63405
[2, 3, "88 6939 2828 63405"]
[["204274", 3159], ["63405", 67979]]
Prefix: victim_prefix
Last Origin: 63405
[2, 4, "88 6939 7311 21949 23498"]
[["23498", 51258], ["63405", 20077]]
Prefix: victim_prefix
Last Origin: 63405
[2, 3, "88 6939 135069 45267"]
[["45267", 44400], ["63405", 26818]]
Prefix: victim_prefix
Last Origin: 63405
[2, 3, "88 6939 12389 42548"]
[["42548", 44235], ["63405", 27028]]
Prefix: victim_prefix
Last Origin: 63405
[2, 3, "88 6939 62943 40021"]
[["40021", 37390], ["63405", 33816]]
Prefix: victim_prefix
Last Origin: 63405
[2, 3, "88 6939 9002 42916"]
[["42916", 38213], ["63405", 32934]]
Prefix: victim_prefix
Last Origin: 63405
[2, 3, "88 6939 136106 4787"]
[["4787", 41472], ["63405", 29757]]
Prefix: victim_prefix
Last Origin: 63405
[2, 3, "88 21976 7922 23470"]
[["23470", 40272], ["63405", 30945]]
Prefix: victim_prefix
Last Origin: 63405
[2, 3, "88 6939 15412 4804"]
[["4804", 45068], ["63405", 26149]]
Prefix: victim_prefix
Last Origin: 63405
[2, 3, "88 6939 17408 9269"]
[["9269", 67443], ["63405", 3817]]
Prefix: victim_prefix
Last Origin: 63405
[2, 3, "88 6939 43531 5410"]
[["5410", 50912], ["63405", 20370]]
Prefix: victim_prefix
Last Origin: 63405
[2, 4, "88 6939 137409 12189 20454"]
[["20454", 46269], ["63405", 25019]]
Prefix: victim_prefix
Last Origin: 63405
[2, 2, "88 6939 31673"]
[["31673", 32469], ["63405", 38671]]
Prefix: victim_prefix
Last Origin: 63405
[2, 3, "88 6939 45430 133481"]
[["133481", 45699], ["63405", 25595]]
Prefix: victim_prefix
Last Origin: 63405
[2, 3, "88 6939 4657 202053"]
[["202053", 52806], ["63405", 18414]]
Prefix: victim_prefix
Last Origin: 63405
[2, 3, "88 6939 42624 51852"]
[["51852", 45487], ["63405", 25815]]
Prefix: victim_prefix
Last Origin: 63405
[2, 2, "88 6939 35612"]
[["35612", 64124], ["63405", 7015]]
Prefix: victim_prefix
Last Origin: 63405
[2, 4, "88 6939 3326 8641 21453"]
[["21453", 56690], ["63405", 14637]]
Prefix: victim_prefix
Last Origin: 63405
[2, 4, "88 6939 4826 58453 137872"]
[["137872", 42614], ["63405", 28648]]
Prefix: victim_prefix
Last Origin: 63405
[2, 3, "88 6939 12389 21479"]
[["21479", 46116], ["63405", 25147]]
Prefix: victim_prefix
Last Origin: 63405
[2, 3, "88 6939 2828 63405"]
[["60414", 14612], ["63405", 56527]]
Prefix: victim_prefix
Last Origin: 63405
[2, 3, "88 6939 2828 63405"]
[["22051", 6552], ["63405", 64586]]
Prefix: victim_prefix
Last Origin: 63405
[2, 2, "88 6939 9063"]
[["9063", 34907], ["63405", 36234]]
Prefix: victim_prefix
Last Origin: 63405
[2, 6, "88 21976 7922 8047 22284 3549 63405"]
[["199968", 46281], ["63405", 25025]]
Prefix: victim_prefix
Last Origin: 63405
[2, 2, "88 6939 7794"]
[["7794", 41531], ["63405", 29608]]
Prefix: victim_prefix
Last Origin: 63405
[2, 3, "88 6939 44901 8866"]
[["8866", 54632], ["63405", 16675]]
Prefix: victim_prefix
Last Origin: 63405
[2, 3, "88 6939 9002 201133"]
[["201133", 43373], ["63405", 27768]]
Prefix: victim_prefix
Last Origin: 63405
[2, 3, "88 6939 2828 63405"]
[["15659", 18869], ["63405", 52269]]
Prefix: victim_prefix
Last Origin: 63405
[2, 2, "88 6939 8767"]
[["8767", 40411], ["63405", 30731]]
Prefix: victim_prefix
Last Origin: 63405
[2, 2, "88 6939 34569"]
[["34569", 33392], ["63405", 37748]]
Prefix: victim_prefix
Last Origin: 63405
[2, 3, "88 6939 12389 8342"]
[["8342", 51243], ["63405", 20070]]
Prefix: victim_prefix
Last Origin: 63405
[2, 4, "88 6939 43531 35625 202448"]
[["202448", 48754], ["63405", 22530]]
Prefix: victim_prefix
Last Origin: 63405
[2, 3, "88 6939 39642 43557"]
[["43557", 11625], ["63405", 59513]]
Prefix: victim_prefix
Last Origin: 63405
[2, 3, "88 6939 12389 6697"]
[["6697", 54261], ["63405", 17050]]
Prefix: victim_prefix
Last Origin: 63405
[2, 5, "88 21976 7922 3223 12337 61303"]
[["61303", 52955], ["63405", 18323]]
Prefix: victim_prefix
Last Origin: 63405
[2, 2, "88 6939 35434"]
[["35434", 17613], ["63405", 53532]]
Prefix: victim_prefix
Last Origin: 63405
[2, 4, "88 21976 7922 3223 24961"]
[["24961", 52951], ["63405", 18327]]
Prefix: victim_prefix
Last Origin: 63405
[2, 3, "88 6939 1853 760"]
[["760", 36175], ["63405", 35037]]
Prefix: victim_prefix
Last Origin: 63405
[2, 2, "88 6939 12842"]
[["12842", 17126], ["63405", 54012]]
Prefix: victim_prefix
Last Origin: 63405
[2, 6, "88 21976 7922 3223 6663 12713 6799"]
[["6799", 43693], ["63405", 27585]]
Prefix: victim_prefix
Last Origin: 63405
[2, 3, "88 6939 5391 13046"]
[["13046", 36368], ["63405", 34837]]
Prefix: victim_prefix
Last Origin: 63405
[2, 2, "88 6939 11404"]
[["11404", 24642], ["63405", 46494]]
Prefix: victim_prefix
Last Origin: 63405
[2, 2, "88 6939 8612"]
[["8612", 27704], ["63405", 43434]]
Prefix: victim_prefix
Last Origin: 63405
[2, 2, "88 6939 5391"]
[["5391", 55197], ["63405", 16008]]
Prefix: victim_prefix
Last Origin: 63405
[2, 2, "88 6939 12824"]
[["12824", 34493], ["63405", 36656]]
Prefix: victim_prefix
Last Origin: 63405
[2, 2, "88 6939 29208"]
[["29208", 41896], ["63405", 29243]]
Prefix: victim_prefix
Last Origin: 63405
[2, 3, "88 6939 4651 45758"]
[["45758", 56240], ["63405", 15055]]
Prefix: victim_prefix
Last Origin: 63405
[2, 3, "88 6939 12389 35162"]
[["35162", 44235], ["63405", 27028]]
Prefix: victim_prefix
Last Origin: 63405
[2, 5, "88 21976 7922 3223 8717 29580"]
[["29580", 43725], ["63405", 27554]]
Prefix: victim_prefix
Last Origin: 63405
[2, 3, "88 6939 4826 132203"]
[["132203", 59541], ["63405", 11816]]
Prefix: victim_prefix
Last Origin: 63405
[2, 2, "88 6939 197099"]
[["197099", 38562], ["63405", 32580]]
Prefix: victim_prefix
Last Origin: 63405
[2, 4, "88 62532 11164 5650 63405"]
[["262197", 41564], ["63405", 29692]]
Prefix: victim_prefix
Last Origin: 63405
[2, 3, "88 6939 2828 63405"]
[["32613", 23805], ["63405", 47333]]
Prefix: victim_prefix
Last Origin: 63405
[2, 6, "88 21976 7922 3223 6663 12713 6866"]
[["6866", 49098], ["63405", 22181]]
Prefix: victim_prefix
Last Origin: 63405
[2, 4, "88 6939 43531 29075 24904"]
[["24904", 50919], ["63405", 20364]]
Prefix: victim_prefix
Last Origin: 63405
[2, 2, "88 6939 12605"]
[["12605", 41197], ["63405", 29951]]
Prefix: victim_prefix
Last Origin: 63405
[2, 3, "88 6939 2828 63405"]
[["17858", 25360], ["63405", 45798]]
Prefix: victim_prefix
Last Origin: 63405
[2, 2, "88 6939 54098"]
[["54098", 55178], ["63405", 16027]]
Prefix: victim_prefix
Last Origin: 63405
[2, 3, "88 6939 137443 3"]
[["3", 55774], ["63405", 15590]]
Prefix: victim_prefix
Last Origin: 63405
[2, 4, "88 6939 52320 53087 33182"]
[["33182", 54851], ["63405", 16447]]
Prefix: victim_prefix
Last Origin: 63405
[2, 4, "88 6939 12389 5563 39741"]
[["39741", 41181], ["63405", 30083]]
Prefix: victim_prefix
Last Origin: 63405
[2, 4, "88 6939 4826 8220 31708"]
[["31708", 55701], ["63405", 15599]]
Prefix: victim_prefix
Last Origin: 63405
[2, 4, "88 6939 3326 8641 47321"]
[["47321", 51304], ["63405", 20023]]
Prefix: victim_prefix
Last Origin: 63405
[2, 3, "88 6939 2828 63405"]
[["1448", 24495], ["63405", 46644]]
Prefix: victim_prefix
Last Origin: 63405
[2, 3, "88 6939 4826 38195"]
[["38195", 57409], ["63405", 13806]]
Prefix: victim_prefix
Last Origin: 63405
[2, 4, "88 6939 58057 34800 20773"]
[["20773", 49896], ["63405", 21410]]
Prefix: victim_prefix
Last Origin: 63405
[2, 2, "88 6939 11260"]
[["11260", 45292], ["63405", 25845]]
Prefix: victim_prefix
Last Origin: 63405
[2, 2, "88 6939 1403"]
[["1403", 44416], ["63405", 26724]]
Prefix: victim_prefix
Last Origin: 63405
[2, 4, "88 6939 4826 9009 60602"]
[["60602", 52898], ["63405", 18408]]
Prefix: victim_prefix
Last Origin: 63405
[2, 2, "88 6939 39647"]
[["39647", 38552], ["63405", 32594]]
Prefix: victim_prefix
Last Origin: 63405
[2, 2, "88 6939 42831"]
[["42831", 35864], ["63405", 35275]]
Prefix: victim_prefix
Last Origin: 63405
[2, 3, "88 6939 2828 63405"]
[["212663", 15208], ["63405", 55937]]
Prefix: victim_prefix
Last Origin: 63405
[2, 5, "88 6939 4826 32787 3269 31034"]
[["31034", 50843], ["63405", 20435]]
Prefix: victim_prefix
Last Origin: 63405
[2, 2, "88 6939 47377"]
[["47377", 17094], ["63405", 54041]]
Prefix: victim_prefix
Last Origin: 63405
[2, 4, "88 6939 5391 8585 200276"]
[["200276", 43603], ["63405", 27686]]
Prefix: victim_prefix
Last Origin: 63405
[2, 3, "88 6939 2828 63405"]
[["38700", 25360], ["63405", 45798]]
Prefix: victim_prefix
Last Origin: 63405
[2, 3, "88 6939 2828 63405"]
[["213230", 19895], ["63405", 51257]]
Prefix: victim_prefix
Last Origin: 63405
[2, 3, "88 6939 4538 9808"]
[["9808", 44987], ["63405", 26287]]
Prefix: victim_prefix
Last Origin: 63405
[2, 2, "88 6939 44065"]
[["44065", 54821], ["63405", 16387]]
Prefix: victim_prefix
Last Origin: 63405
[2, 2, "88 6939 140227"]
[["140227", 59165], ["63405", 12191]]
Prefix: victim_prefix
Last Origin: 63405
[2, 3, "88 6939 2828 63405"]
[["26932", 17857], ["63405", 53281]]
Prefix: victim_prefix
Last Origin: 63405
[2, 4, "88 62532 11164 5650 63405"]
[["39287", 43715], ["63405", 27541]]
Prefix: victim_prefix
Last Origin: 63405
[2, 6, "88 21976 7922 8047 22284 3549 63405"]
[["8887", 42884], ["63405", 28394]]
Prefix: victim_prefix
Last Origin: 63405
[2, 6, "88 6939 58057 34800 50629 205112 25486"]
[["25486", 48355], ["63405", 22951]]
Prefix: victim_prefix
Last Origin: 63405
[2, 3, "88 6939 2828 63405"]
[["207586", 1], ["63405", 71135]]
Prefix: victim_prefix
Last Origin: 63405
[2, 5, "88 6939 1853 2607 8778 31679"]
[["31679", 43173], ["63405", 28106]]
Prefix: victim_prefix
Last Origin: 63405
[2, 3, "88 6939 43531 31042"]
[["31042", 65121], ["63405", 6161]]
Prefix: victim_prefix
Last Origin: 63405
[2, 2, "88 6939 50821"]
[["50821", 30160], ["63405", 40980]]
Prefix: victim_prefix
Last Origin: 63405
[2, 4, "88 6939 4826 23352 13331"]
[["13331", 49489], ["63405", 21794]]
Prefix: victim_prefix
Last Origin: 63405
[2, 4, "88 6939 4826 8220 208451"]
[["208451", 48508], ["63405", 22791]]
Prefix: victim_prefix
Last Origin: 63405
[2, 2, "88 6939 30860"]
[["30860", 58281], ["63405", 13043]]
Prefix: victim_prefix
Last Origin: 63405
[2, 3, "88 6939 2828 63405"]
[["394745", 1], ["63405", 71135]]
Prefix: victim_prefix
Last Origin: 63405
[2, 2, "88 6939 40788"]
[["40788", 56071], ["63405", 15134]]
Prefix: victim_prefix
Last Origin: 63405
[2, 3, "88 6939 2828 63405"]
[["30221", 17858], ["63405", 53280]]
Prefix: victim_prefix
Last Origin: 63405
[2, 3, "88 6939 137409 134697"]
[["134697", 44225], ["63405", 26992]]
Prefix: victim_prefix
Last Origin: 63405
[2, 4, "88 62532 11164 5650 63405"]
[["22611", 35501], ["63405", 35716]]
Prefix: victim_prefix
Last Origin: 63405
[2, 2, "88 6939 4760"]
[["4760", 18879], ["63405", 52257]]
Prefix: victim_prefix
Last Origin: 63405
[2, 2, "88 6939 12496"]
[["12496", 27791], ["63405", 43347]]
Prefix: victim_prefix
Last Origin: 63405
[2, 2, "88 6939 268581"]
[["268581", 29136], ["63405", 42002]]
Prefix: victim_prefix
Last Origin: 63405
[2, 2, "88 6939 29100"]
[["29100", 31883], ["63405", 39256]]
Prefix: victim_prefix
Last Origin: 63405
[2, 3, "88 6939 4826 133579"]
[["133579", 40219], ["63405", 30994]]
Prefix: victim_prefix
Last Origin: 63405
[2, 3, "88 6939 12389 31200"]
[["31200", 49725], ["63405", 21539]]
Prefix: victim_prefix
Last Origin: 63405
[2, 5, "88 21976 7922 3223 24961 204035"]
[["204035", 47560], ["63405", 23718]]
Prefix: victim_prefix
Last Origin: 63405
[2, 4, "88 62532 11164 5650 63405"]
[["21100", 43624], ["63405", 27592]]
Prefix: victim_prefix
Last Origin: 63405
[2, 3, "88 6939 2828 63405"]
[["42201", 11098], ["63405", 60038]]
Prefix: victim_prefix
Last Origin: 63405
[2, 5, "88 6939 4826 33438 11019 29789"]
[["29789", 43790], ["63405", 27492]]
Prefix: victim_prefix
Last Origin: 63405
[2, 3, "88 62532 11164 15169"]
[["15169", 51054], ["63405", 20205]]
Prefix: victim_prefix
Last Origin: 63405
[2, 3, "88 6939 15412 19527"]
[["19527", 52350], ["63405", 18937]]
Prefix: victim_prefix
Last Origin: 63405
[2, 6, "88 6939 43531 198507 12735 42910 20649"]
[["20649", 44109], ["63405", 27182]]
Prefix: victim_prefix
Last Origin: 63405
[2, 4, "88 62532 11164 5650 63405"]
[["58061", 43246], ["63405", 27970]]
Prefix: victim_prefix
Last Origin: 63405
[2, 3, "88 6939 577 398721"]
[["398721", 27621], ["63405", 43518]]
Prefix: victim_prefix
Last Origin: 63405
[2, 4, "88 62532 11164 5650 63405"]
[["37153", 46046], ["63405", 25184]]
Prefix: victim_prefix
Last Origin: 63405
[2, 2, "88 6939 5602"]
[["5602", 27991], ["63405", 43148]]
Prefix: victim_prefix
Last Origin: 63405
[2, 3, "88 6939 12389 39178"]
[["39178", 45328], ["63405", 25936]]
Prefix: victim_prefix
Last Origin: 63405
[2, 5, "88 6939 4826 32787 2516 4713"]
[["4713", 45076], ["63405", 26201]]
Prefix: victim_prefix
Last Origin: 63405
[2, 2, "88 6939 34087"]
[["34087", 33570], ["63405", 37572]]
Prefix: victim_prefix
Last Origin: 63405
[2, 3, "88 6939 3212 41828"]
[["41828", 44055], ["63405", 27227]]
Prefix: victim_prefix
Last Origin: 63405
[2, 3, "88 6939 2828 63405"]
[["27017", 15074], ["63405", 56066]]
Prefix: victim_prefix
Last Origin: 63405
[2, 3, "88 6939 3303 15796"]
[["15796", 52398], ["63405", 18809]]
Prefix: victim_prefix
Last Origin: 63405
[2, 2, "88 6939 41998"]
[["41998", 48051], ["63405", 23101]]
Prefix: victim_prefix
Last Origin: 63405
[2, 3, "88 6939 16086 39324"]
[["39324", 25012], ["63405", 46130]]
Prefix: victim_prefix
Last Origin: 63405
[2, 3, "88 6939 680 34878"]
[["34878", 40977], ["63405", 30200]]
Prefix: victim_prefix
Last Origin: 63405
[2, 3, "88 6939 36874 37199"]
[["37199", 41575], ["63405", 29682]]
Prefix: victim_prefix
Last Origin: 63405
[2, 3, "88 6939 53264 47869"]
[["47869", 53806], ["63405", 17500]]
Prefix: victim_prefix
Last Origin: 63405
[2, 3, "88 6939 4826 56030"]
[["56030", 40880], ["63405", 30338]]
Prefix: victim_prefix
Last Origin: 63405
[2, 5, "88 6939 58057 34800 57344 45007"]
[["45007", 47983], ["63405", 23323]]
Prefix: victim_prefix
Last Origin: 63405
[2, 2, "88 6939 4788"]
[["4788", 58675], ["63405", 12550]]
Prefix: victim_prefix
Last Origin: 63405
[2, 3, "88 6939 2828 63405"]
[["59921", 14965], ["63405", 56179]]
Prefix: victim_prefix
Last Origin: 63405
[2, 4, "88 62532 11164 49544 62370"]
[["62370", 39880], ["63405", 31338]]
Prefix: victim_prefix
Last Origin: 63405
[2, 2, "88 6939 30036"]
[["30036", 52588], ["63405", 18614]]
Prefix: victim_prefix
Last Origin: 63405
[2, 2, "88 6939 28788"]
[["28788", 43791], ["63405", 27346]]
Prefix: victim_prefix
Last Origin: 63405
[2, 4, "88 62532 11164 5650 63405"]
[["7303", 42649], ["63405", 28609]]
Prefix: victim_prefix
Last Origin: 63405
[2, 4, "88 6939 4766 4837 17621"]
[["17621", 41412], ["63405", 29863]]
Prefix: victim_prefix
Last Origin: 63405
[2, 2, "88 6939 35224"]
[["35224", 35509], ["63405", 35641]]
Prefix: victim_prefix
Last Origin: 63405
[2, 2, "88 6939 29686"]
[["29686", 54832], ["63405", 16370]]
Prefix: victim_prefix
Last Origin: 63405
[2, 3, "88 6939 41206 50261"]
[["50261", 13368], ["63405", 57770]]
Prefix: victim_prefix
Last Origin: 63405
[2, 3, "88 6939 57717 202425"]
[["202425", 41048], ["63405", 30160]]
Prefix: victim_prefix
Last Origin: 63405
[2, 3, "88 6939 13030 197988"]
[["197988", 42310], ["63405", 28844]]
Prefix: victim_prefix
Last Origin: 63405
[2, 3, "88 6939 40676 3842"]
[["3842", 52696], ["63405", 18616]]
Prefix: victim_prefix
Last Origin: 63405
[2, 5, "88 6939 52320 23106 263478 16735"]
[["16735", 49678], ["63405", 21598]]
Prefix: victim_prefix
Last Origin: 63405
[2, 2, "88 6939 62000"]
[["62000", 57101], ["63405", 14157]]
Prefix: victim_prefix
Last Origin: 63405
[2, 2, "88 6939 21430"]
[["21430", 34739], ["63405", 36416]]
Prefix: victim_prefix
Last Origin: 63405
[2, 3, "88 6939 12389 200350"]
[["200350", 51697], ["63405", 19614]]
Prefix: victim_prefix
Last Origin: 63405
[2, 2, "88 6939 42455"]
[["42455", 32093], ["63405", 39046]]
Prefix: victim_prefix
Last Origin: 63405
[2, 3, "88 6939 4826 133159"]
[["133159", 49188], ["63405", 22027]]
Prefix: victim_prefix
Last Origin: 63405
[2, 3, "88 6939 2828 63405"]
[["25310", 2422], ["63405", 68714]]
Prefix: victim_prefix
Last Origin: 63405
[2, 3, "88 6939 2828 63405"]
[["44869", 9986], ["63405", 61153]]
Prefix: victim_prefix
Last Origin: 63405
[2, 4, "88 62532 11164 5650 63405"]
[["206065", 39477], ["63405", 31789]]
Prefix: victim_prefix
Last Origin: 63405
[2, 4, "88 62532 11164 5650 63405"]
[["28343", 42548], ["63405", 28710]]
Prefix: victim_prefix
Last Origin: 63405
[2, 2, "88 6939 15435"]
[["15435", 46141], ["63405", 25002]]
Prefix: victim_prefix
Last Origin: 63405
[2, 2, "88 6939 49367"]
[["49367", 28316], ["63405", 42822]]
Prefix: victim_prefix
Last Origin: 63405
[2, 4, "88 6939 4766 4837 55990"]
[["55990", 44205], ["63405", 27089]]
Prefix: victim_prefix
Last Origin: 63405
[2, 4, "88 6939 12389 57724 204601"]
[["204601", 44451], ["63405", 26812]]
Prefix: victim_prefix
Last Origin: 63405
[2, 4, "88 62532 11164 5650 63405"]
[["48282", 46948], ["63405", 24317]]
Prefix: victim_prefix
Last Origin: 63405
[2, 4, "88 6939 33922 8764 39007"]
[["39007", 52983], ["63405", 18323]]
Prefix: victim_prefix
Last Origin: 63405
[2, 2, "88 6939 8001"]
[["8001", 29539], ["63405", 41600]]
Prefix: victim_prefix
Last Origin: 63405
[2, 4, "88 6939 59318 13335 61072"]
[["61072", 52855], ["63405", 18498]]
Prefix: victim_prefix
Last Origin: 63405
[2, 4, "88 62532 11164 5650 63405"]
[["7", 38324], ["63405", 32895]]
Prefix: victim_prefix
Last Origin: 63405
[2, 3, "88 6939 30517 46293"]
[["46293", 6790], ["63405", 64345]]
Prefix: victim_prefix
Last Origin: 63405
[2, 4, "88 6939 4826 8220 6786"]
[["6786", 49657], ["63405", 21641]]
Prefix: victim_prefix
Last Origin: 63405
[2, 3, "88 6939 2828 63405"]
[["200295", 11989], ["63405", 59151]]
Prefix: victim_prefix
Last Origin: 63405
[2, 3, "88 6939 12430 6739"]
[["6739", 7189], ["63405", 63947]]
Prefix: victim_prefix
Last Origin: 63405
[2, 2, "88 6939 11550"]
[["11550", 29046], ["63405", 42093]]
Prefix: victim_prefix
Last Origin: 63405
[2, 2, "88 6939 141995"]
[["141995", 51592], ["63405", 19610]]
Prefix: victim_prefix
Last Origin: 63405
[2, 4, "88 6939 4826 20473 208612"]
[["208612", 47950], ["63405", 23342]]
Prefix: victim_prefix
Last Origin: 63405
[2, 1, "88 6939"]
[["6939", 59619], ["63405", 11583]]
Prefix: victim_prefix
Last Origin: 63405
[2, 3, "88 6939 12389 30936"]
[["30936", 50720], ["63405", 20543]]
Prefix: victim_prefix
Last Origin: 63405
[2, 3, "88 6939 2828 63405"]
[["207728", 26029], ["63405", 45132]]
Prefix: victim_prefix
Last Origin: 63405
[2, 2, "88 6939 207054"]
[["207054", 22952], ["63405", 48186]]
Prefix: victim_prefix
Last Origin: 63405
[2, 4, "88 6939 12389 9049 41733"]
[["41733", 41465], ["63405", 29799]]
Prefix: victim_prefix
Last Origin: 63405
[2, 3, "88 6939 12741 43939"]
[["43939", 20226], ["63405", 50922]]
Prefix: victim_prefix
Last Origin: 63405
[2, 4, "88 6939 3303 15600 31736"]
[["31736", 54147], ["63405", 17152]]
Prefix: victim_prefix
Last Origin: 63405
[2, 4, "88 6939 4826 16265 28753"]
[["28753", 54146], ["63405", 17131]]
Prefix: victim_prefix
Last Origin: 63405
[2, 2, "88 6939 7819"]
[["7819", 30034], ["63405", 41105]]
Prefix: victim_prefix
Last Origin: 63405
[2, 4, "88 62532 11164 5650 63405"]
[["37611", 38137], ["63405", 33091]]
Prefix: victim_prefix
Last Origin: 63405
[2, 2, "88 6939 24608"]
[["24608", 36227], ["63405", 34916]]
Prefix: victim_prefix
Last Origin: 63405
[2, 2, "88 6939 51184"]
[["51184", 47551], ["63405", 23608]]
Prefix: victim_prefix
Last Origin: 63405
[2, 2, "88 6939 19969"]
[["19969", 57505], ["63405", 13697]]
Prefix: victim_prefix
Last Origin: 63405
[2, 2, "88 6939 53755"]
[["53755", 57006], ["63405", 14282]]
Prefix: victim_prefix
Last Origin: 63405
[2, 4, "88 6939 12389 57724 12722"]
[["12722", 55344], ["63405", 15980]]
Prefix: victim_prefix
Last Origin: 63405
[2, 2, "88 6939 3292"]
[["3292", 43376], ["63405", 27760]]
Prefix: victim_prefix
Last Origin: 63405
[2, 2, "88 6939 204860"]
[["204860", 24462], ["63405", 46688]]
Prefix: victim_prefix
Last Origin: 63405
[2, 3, "88 6939 2828 63405"]
[["33661", 4331], ["63405", 66804]]
Prefix: victim_prefix
Last Origin: 63405
[2, 3, "88 6939 2828 63405"]
[["32335", 7337], ["63405", 63801]]
Prefix: victim_prefix
Last Origin: 63405
[2, 3, "88 6939 12389 8615"]
[["8615", 44237], ["63405", 27026]]
Prefix: victim_prefix
Last Origin: 63405
[2, 5, "88 6939 12389 6697 12406 42772"]
[["42772", 46440], ["63405", 24872]]
Prefix: victim_prefix
Last Origin: 63405
[2, 3, "88 6939 2828 63405"]
[["200081", 2682], ["63405", 68454]]
Prefix: victim_prefix
Last Origin: 63405
[2, 2, "88 6939 201492"]
[["201492", 18848], ["63405", 52288]]
Prefix: victim_prefix
Last Origin: 63405
[2, 2, "88 6939 12576"]
[["12576", 27819], ["63405", 43317]]
Prefix: victim_prefix
Last Origin: 63405
[2, 2, "88 6939 40065"]
[["40065", 59987], ["63405", 11276]]
Prefix: victim_prefix
Last Origin: 63405
[2, 4, "88 6939 58299 50869 212323"]
[["212323", 47156], ["63405", 24124]]
Prefix: victim_prefix
Last Origin: 63405
[2, 4, "88 6939 23520 264668 264824"]
[["264824", 40066], ["63405", 31195]]
Prefix: victim_prefix
Last Origin: 63405
[2, 3, "88 6939 4826 23655"]
[["23655", 41865], ["63405", 29348]]
Prefix: victim_prefix
Last Origin: 63405
[2, 3, "88 6939 32097 33387"]
[["33387", 35159], ["63405", 36046]]
Prefix: victim_prefix
Last Origin: 63405
[2, 6, "88 6939 3303 34019 204092 208627 202128"]
[["202128", 47979], ["63405", 23334]]
Prefix: victim_prefix
Last Origin: 63405
[2, 2, "88 6939 137"]
[["137", 39412], ["63405", 31754]]
Prefix: victim_prefix
Last Origin: 63405
[2, 2, "88 6939 5588"]
[["5588", 31595], ["63405", 39543]]
Prefix: victim_prefix
Last Origin: 63405
[2, 2, "88 6939 6772"]
[["6772", 45378], ["63405", 25767]]
Prefix: victim_prefix
Last Origin: 63405
[2, 2, "88 6939 56478"]
[["56478", 42854], ["63405", 28282]]
Prefix: victim_prefix
Last Origin: 63405
[2, 3, "88 6939 2828 63405"]
[["56902", 639], ["63405", 70496]]
Prefix: victim_prefix
Last Origin: 63405
[2, 3, "88 6939 6855 13036"]
[["13036", 6383], ["63405", 64753]]
Prefix: victim_prefix
Last Origin: 63405
[2, 3, "88 6939 43531 29169"]
[["29169", 52577], ["63405", 18705]]
Prefix: victim_prefix
Last Origin: 63405
[2, 5, "88 6939 3326 8641 34123 35539"]
[["35539", 50343], ["63405", 20984]]
Prefix: victim_prefix
Last Origin: 63405
[2, 2, "88 6939 9145"]
[["9145", 43403], ["63405", 27740]]
Prefix: victim_prefix
Last Origin: 63405
[2, 5, "88 6939 4826 8220 197637 209846"]
[["209846", 45077], ["63405", 26222]]
Prefix: victim_prefix
Last Origin: 63405
[2, 3, "88 6939 2828 63405"]
[["22709", 16152], ["63405", 54987]]
Prefix: victim_prefix
Last Origin: 63405
[2, 3, "88 6939 4657 4773"]
[["4773", 54682], ["63405", 16580]]
Prefix: victim_prefix
Last Origin: 63405
[2, 3, "88 6939 45430 23884"]
[["23884", 48679], ["63405", 22619]]
Prefix: victim_prefix
Last Origin: 63405
[2, 4, "88 6939 4788 55329 7712"]
[["7712", 40214], ["63405", 31011]]
Prefix: victim_prefix
Last Origin: 63405
[2, 3, "88 6939 263237 22047"]
[["22047", 45156], ["63405", 26128]]
Prefix: victim_prefix
Last Origin: 63405
[2, 3, "88 6939 53340 36114"]
[["36114", 50723], ["63405", 20612]]
Prefix: victim_prefix
Last Origin: 63405
[2, 4, "88 6939 12389 199599 48757"]
[["48757", 51143], ["63405", 20181]]
Prefix: victim_prefix
Last Origin: 63405
[2, 2, "88 6939 60377"]
[["60377", 20230], ["63405", 50905]]
Prefix: victim_prefix
Last Origin: 63405
[2, 2, "88 6939 13285"]
[["13285", 48297], ["63405", 22845]]
Prefix: victim_prefix
Last Origin: 63405
[2, 2, "88 6939 49808"]
[["49808", 24977], ["63405", 46161]]
Prefix: victim_prefix
Last Origin: 63405
[2, 3, "88 6939 2828 63405"]
[["14615", 13558], ["63405", 57581]]
Prefix: victim_prefix
Last Origin: 63405
[2, 5, "88 21976 7922 3223 34549 39540"]
[["39540", 47906], ["63405", 23396]]
Prefix: victim_prefix
Last Origin: 63405
[2, 2, "88 6939 15685"]
[["15685", 54341], ["63405", 16867]]
Prefix: victim_prefix
Last Origin: 63405
[2, 2, "88 6939 23367"]
[["23367", 22786], ["63405", 48351]]
Prefix: victim_prefix
Last Origin: 63405
[2, 3, "88 6939 2828 63405"]
[["399629", 1], ["63405", 71135]]
Prefix: victim_prefix
Last Origin: 63405
[2, 6, "88 21976 7922 8047 22284 3549 63405"]
[["201730", 45136], ["63405", 26142]]
Prefix: victim_prefix
Last Origin: 63405
[2, 2, "88 6939 10352"]
[["10352", 52012], ["63405", 19191]]
Prefix: victim_prefix
Last Origin: 63405
[2, 2, "88 6939 786"]
[["786", 28023], ["63405", 43113]]
Prefix: victim_prefix
Last Origin: 63405
[2, 2, "88 6939 24651"]
[["24651", 36193], ["63405", 34964]]
Prefix: victim_prefix
Last Origin: 63405
[2, 3, "88 6939 26554 31939"]
[["31939", 49638], ["63405", 21640]]
Prefix: victim_prefix
Last Origin: 63405
[2, 3, "88 6939 2828 63405"]
[["46690", 1], ["63405", 71134]]
Prefix: victim_prefix
Last Origin: 63405
[2, 5, "88 6939 58057 34800 50629 29670"]
[["29670", 55880], ["63405", 15426]]
Prefix: victim_prefix
Last Origin: 63405
[2, 3, "88 6939 680 47610"]
[["47610", 26642], ["63405", 44524]]
Prefix: victim_prefix
Last Origin: 63405
[2, 4, "88 6939 12389 31500 44923"]
[["44923", 50550], ["63405", 20731]]
Prefix: victim_prefix
Last Origin: 63405
[2, 2, "88 6939 11142"]
[["11142", 51803], ["63405", 19399]]
Prefix: victim_prefix
Last Origin: 63405
[2, 2, "88 6939 8943"]
[["8943", 27510], ["63405", 43626]]
Prefix: victim_prefix
Last Origin: 63405
[2, 4, "88 6939 4826 16276 35540"]
[["35540", 39633], ["63405", 31584]]
Prefix: victim_prefix
Last Origin: 63405
[2, 3, "88 6939 10358 136933"]
[["136933", 49806], ["63405", 21489]]
Prefix: victim_prefix
Last Origin: 63405
[2, 3, "88 6939 12389 8369"]
[["8369", 53016], ["63405", 18247]]
Prefix: victim_prefix
Last Origin: 63405
[2, 3, "88 6939 4826 24482"]
[["24482", 59592], ["63405", 11623]]
Prefix: victim_prefix
Last Origin: 63405
[2, 3, "88 6939 2828 63405"]
[["206216", 1], ["63405", 71135]]
Prefix: victim_prefix
Last Origin: 63405
[2, 3, "88 6939 2828 63405"]
[["41536", 1], ["63405", 71135]]
Prefix: victim_prefix
Last Origin: 63405
[2, 4, "88 6939 4826 20473 202269"]
[["202269", 48223], ["63405", 23069]]
Prefix: victim_prefix
Last Origin: 63405
[2, 2, "88 6939 2586"]
[["2586", 42789], ["63405", 28358]]
Prefix: victim_prefix
Last Origin: 63405
[2, 2, "88 6939 41491"]
[["41491", 33440], ["63405", 37708]]
Prefix: victim_prefix
Last Origin: 63405
[2, 4, "88 62532 11164 5650 63405"]
[["204490", 41830], ["63405", 29451]]
Prefix: victim_prefix
Last Origin: 63405
[2, 4, "88 6939 4826 8220 197312"]
[["197312", 49174], ["63405", 22124]]
Prefix: victim_prefix
Last Origin: 63405
[2, 3, "88 6939 2828 63405"]
[["42675", 8687], ["63405", 62452]]
Prefix: victim_prefix
Last Origin: 63405
[2, 2, "88 6939 200052"]
[["200052", 44478], ["63405", 26662]]
Prefix: victim_prefix
Last Origin: 63405
[2, 4, "88 62532 11164 4648 4771"]
[["4771", 36281], ["63405", 34937]]
Prefix: victim_prefix
Last Origin: 63405
[2, 3, "88 6939 7311 21949"]
[["21949", 50527], ["63405", 20729]]
Prefix: victim_prefix
Last Origin: 63405
[2, 3, "88 6939 197692 197869"]
[["197869", 47796], ["63405", 23486]]
Prefix: victim_prefix
Last Origin: 63405
[2, 2, "88 6939 36874"]
[["36874", 57762], ["63405", 13495]]
Prefix: victim_prefix
Last Origin: 63405
[2, 4, "88 6939 12389 12714 29124"]
[["29124", 44372], ["63405", 26892]]
Prefix: victim_prefix
Last Origin: 63405
[2, 2, "88 6939 62183"]
[["62183", 21813], ["63405", 49324]]
Prefix: victim_prefix
Last Origin: 63405
[2, 4, "88 6939 12389 57724 29182"]
[["29182", 54240], ["63405", 17088]]
Prefix: victim_prefix
Last Origin: 63405
[2, 4, "88 6939 12389 12714 3175"]
[["3175", 54143], ["63405", 17181]]
Prefix: victim_prefix
Last Origin: 63405
[2, 5, "88 6939 3303 15600 31736 42155"]
[["42155", 44793], ["63405", 26506]]
Prefix: victim_prefix
Last Origin: 63405
[2, 5, "88 21976 7922 60068 44486 58212"]
[["58212", 50685], ["63405", 20615]]
Prefix: victim_prefix
Last Origin: 63405
[2, 4, "88 6939 4538 9808 56048"]
[["56048", 39030], ["63405", 32244]]
Prefix: victim_prefix
Last Origin: 63405
[2, 2, "88 6939 3212"]
[["3212", 55908], ["63405", 15374]]
Prefix: victim_prefix
Last Origin: 63405
[2, 4, "88 6939 263237 11340 23140"]
[["23140", 42285], ["63405", 29001]]
Prefix: victim_prefix
Last Origin: 63405
[2, 4, "88 62532 11164 5650 63405"]
[["27823", 39003], ["63405", 32255]]
Prefix: victim_prefix
Last Origin: 63405
[2, 2, "88 6939 39642"]
[["39642", 25951], ["63405", 45187]]
Prefix: victim_prefix
Last Origin: 63405
[2, 4, "88 62532 11164 5650 63405"]
[["41946", 38775], ["63405", 32482]]
Prefix: victim_prefix
Last Origin: 63405
[2, 3, "88 6939 2828 63405"]
[["6405", 19195], ["63405", 51943]]
Prefix: victim_prefix
Last Origin: 63405
[2, 3, "88 6939 2828 63405"]
[["48926", 17616], ["63405", 53523]]
Prefix: victim_prefix
Last Origin: 63405
[2, 4, "88 6939 12389 9049 56420"]
[["56420", 41465], ["63405", 29799]]
Prefix: victim_prefix
Last Origin: 63405
[2, 4, "88 62532 11164 5650 63405"]
[["39280", 42589], ["63405", 28671]]
Prefix: victim_prefix
Last Origin: 63405
[2, 2, "88 6939 8681"]
[["8681", 26105], ["63405", 45033]]
Prefix: victim_prefix
Last Origin: 63405
[2, 3, "88 6939 2828 63405"]
[["39907", 16443], ["63405", 54712]]
Prefix: victim_prefix
Last Origin: 63405
[2, 4, "88 6939 12389 33962 196691"]
[["196691", 54662], ["63405", 16662]]
Prefix: victim_prefix
Last Origin: 63405
[2, 3, "88 6939 2828 63405"]
[["1901", 19944], ["63405", 51196]]
Prefix: victim_prefix
Last Origin: 63405
[2, 2, "88 6939 1267"]
[["1267", 46757], ["63405", 24386]]
Prefix: victim_prefix
Last Origin: 63405
[2, 4, "88 6939 4657 5580 61046"]
[["61046", 36414], ["63405", 34805]]
Prefix: victim_prefix
Last Origin: 63405
[2, 5, "88 6939 59318 13335 5408 5470"]
[["5470", 49670], ["63405", 21683]]
Prefix: victim_prefix
Last Origin: 63405
[2, 4, "88 62532 11164 9680 3462"]
[["3462", 51221], ["63405", 20036]]
Prefix: victim_prefix
Last Origin: 63405
[2, 3, "88 6939 16019 197895"]
[["197895", 10749], ["63405", 60388]]
Prefix: victim_prefix
Last Origin: 63405
[2, 4, "88 6939 12389 31500 42765"]
[["42765", 45758], ["63405", 25523]]
Prefix: victim_prefix
Last Origin: 63405
[2, 3, "88 6939 38623 138915"]
[["138915", 67841], ["63405", 3485]]
Prefix: victim_prefix
Last Origin: 63405
[2, 4, "88 6939 3326 6876 198647"]
[["198647", 42205], ["63405", 29059]]
Prefix: victim_prefix
Last Origin: 63405
[2, 4, "88 62532 11164 5650 63405"]
[["44066", 49230], ["63405", 21986]]
Prefix: victim_prefix
Last Origin: 63405
[2, 4, "88 6939 12389 9049 42682"]
[["42682", 41465], ["63405", 29799]]
Prefix: victim_prefix
Last Origin: 63405
[2, 3, "88 6939 46849 40285"]
[["40285", 53973], ["63405", 17286]]
Prefix: victim_prefix
Last Origin: 63405
[2, 2, "88 6939 29314"]
[["29314", 34666], ["63405", 36476]]
Prefix: victim_prefix
Last Origin: 63405
[2, 4, "88 6939 18779 36352 55286"]
[["55286", 52874], ["63405", 18462]]
Prefix: victim_prefix
Last Origin: 63405
[2, 3, "88 6939 4826 9443"]
[["9443", 39482], ["63405", 31731]]
Prefix: victim_prefix
Last Origin: 63405
[2, 2, "88 6939 18779"]
[["18779", 58791], ["63405", 12544]]
Prefix: victim_prefix
Last Origin: 63405
[2, 4, "88 6939 12389 29076 6719"]
[["6719", 53670], ["63405", 17654]]
Prefix: victim_prefix
Last Origin: 63405
[2, 4, "88 6939 3303 6774 36947"]
[["36947", 44302], ["63405", 26905]]
Prefix: victim_prefix
Last Origin: 63405
[2, 2, "88 6939 30764"]
[["30764", 36974], ["63405", 34181]]
Prefix: victim_prefix
Last Origin: 63405
[2, 2, "88 6939 9930"]
[["9930", 53785], ["63405", 17417]]
Prefix: victim_prefix
Last Origin: 63405
[2, 4, "88 6939 4826 58453 206264"]
[["206264", 55053], ["63405", 16211]]
Prefix: victim_prefix
Last Origin: 63405
[2, 4, "88 6939 12389 31500 39598"]
[["39598", 45743], ["63405", 25538]]
Prefix: victim_prefix
Last Origin: 63405
[2, 3, "88 6939 12389 9198"]
[["9198", 51392], ["63405", 19919]]
Prefix: victim_prefix
Last Origin: 63405
[2, 4, "88 6939 12389 9049 41682"]
[["41682", 41465], ["63405", 29799]]
Prefix: victim_prefix
Last Origin: 63405
[2, 3, "88 6939 2828 63405"]
[["203003", 14612], ["63405", 56527]]
Prefix: victim_prefix
Last Origin: 63405
[2, 2, "88 6939 34867"]
[["34867", 58593], ["63405", 12718]]
Prefix: victim_prefix
Last Origin: 63405
[2, 3, "88 6939 6461 40098"]
[["40098", 35348], ["63405", 35788]]
Prefix: victim_prefix
Last Origin: 63405
[2, 4, "88 6939 7311 21949 14843"]
[["14843", 44127], ["63405", 27129]]
Prefix: victim_prefix
Last Origin: 63405
[2, 3, "88 6939 43414 207375"]
[["207375", 9866], ["63405", 61271]]
Prefix: victim_prefix
Last Origin: 63405
[2, 3, "88 6939 23520 18809"]
[["18809", 64290], ["63405", 6978]]
Prefix: victim_prefix
Last Origin: 63405
[2, 4, "88 62532 11164 5650 63405"]
[["25472", 41993], ["63405", 29223]]
Prefix: victim_prefix
Last Origin: 63405
[2, 2, "88 6939 26827"]
[["26827", 26733], ["63405", 44407]]
Prefix: victim_prefix
Last Origin: 63405
[2, 5, "88 6939 43727 35168 8449 59684"]
[["59684", 48084], ["63405", 23240]]
Prefix: victim_prefix
Last Origin: 63405
[2, 2, "88 6939 20326"]
[["20326", 55679], ["63405", 15526]]
Prefix: victim_prefix
Last Origin: 63405
[2, 4, "88 6939 40676 393398 30277"]
[["30277", 49830], ["63405", 21482]]
Prefix: victim_prefix
Last Origin: 63405
[2, 2, "88 6939 5603"]
[["5603", 24517], ["63405", 46620]]
Prefix: victim_prefix
Last Origin: 63405
[2, 4, "88 6939 207083 8100 140947"]
[["140947", 37627], ["63405", 33578]]
Prefix: victim_prefix
Last Origin: 63405
[2, 3, "88 6939 24088 45538"]
[["45538", 48141], ["63405", 23155]]
Prefix: victim_prefix
Last Origin: 63405
[2, 4, "88 6939 12389 49063 48614"]
[["48614", 48344], ["63405", 22967]]
Prefix: victim_prefix
Last Origin: 63405
[2, 3, "88 6939 2828 63405"]
[["55106", 25856], ["63405", 45284]]
Prefix: victim_prefix
Last Origin: 63405
[2, 4, "88 62532 11164 6461 1680"]
[["1680", 53170], ["63405", 18053]]
Prefix: victim_prefix
Last Origin: 63405
[2, 2, "88 6939 39798"]
[["39798", 56061], ["63405", 15159]]
Prefix: victim_prefix
Last Origin: 63405
[2, 4, "88 21976 7922 3223 12337"]
[["12337", 55465], ["63405", 15813]]
Prefix: victim_prefix
Last Origin: 63405
[2, 2, "88 6939 62563"]
[["62563", 24839], ["63405", 46299]]
Prefix: victim_prefix
Last Origin: 63405
[2, 4, "88 62532 11164 2152 7377"]
[["7377", 43817], ["63405", 27467]]
Prefix: victim_prefix
Last Origin: 63405
[2, 3, "88 6939 13536 395510"]
[["395510", 34704], ["63405", 36501]]
Prefix: victim_prefix
Last Origin: 63405
[2, 4, "88 6939 37662 4809 58519"]
[["58519", 44398], ["63405", 26858]]
Prefix: victim_prefix
Last Origin: 63405
[2, 4, "88 62532 11164 5650 63405"]
[["262698", 38604], ["63405", 32624]]
Prefix: victim_prefix
Last Origin: 63405
[2, 2, "88 6939 14315"]
[["14315", 23429], ["63405", 47709]]
Prefix: victim_prefix
Last Origin: 63405
[2, 2, "88 6939 35366"]
[["35366", 33846], ["63405", 37309]]
Prefix: victim_prefix
Last Origin: 63405
[2, 4, "88 6939 12389 31500 59504"]
[["59504", 51035], ["63405", 20289]]
Prefix: victim_prefix
Last Origin: 63405
[2, 3, "88 6939 2828 63405"]
[["27323", 1], ["63405", 71135]]
Prefix: victim_prefix
Last Origin: 63405
[2, 4, "88 6939 12389 9049 12768"]
[["12768", 41465], ["63405", 29799]]
Prefix: victim_prefix
Last Origin: 63405
[2, 4, "88 6939 40676 30823 213250"]
[["213250", 47860], ["63405", 23465]]
Prefix: victim_prefix
Last Origin: 63405
[2, 3, "88 6939 4766 3784"]
[["3784", 39904], ["63405", 31329]]
Prefix: victim_prefix
Last Origin: 63405
[2, 4, "88 62532 11164 5650 63405"]
[["42159", 43859], ["63405", 27357]]
Prefix: victim_prefix
Last Origin: 63405
[2, 4, "88 21976 7922 3223 47447"]
[["47447", 49833], ["63405", 21445]]
Prefix: victim_prefix
Last Origin: 63405
[2, 5, "88 6939 13004 9125 34224 20665"]
[["20665", 47359], ["63405", 23931]]
Prefix: victim_prefix
Last Origin: 63405
[2, 5, "88 6939 15412 13213 46562 396073"]
[["396073", 47635], ["63405", 23648]]
Prefix: victim_prefix
Last Origin: 63405
[2, 4, "88 6939 3326 13249 39608"]
[["39608", 54457], ["63405", 16854]]
Prefix: victim_prefix
Last Origin: 63405
[2, 6, "88 6939 52320 23106 263478 16735 263569"]
[["263569", 42582], ["63405", 28694]]
Prefix: victim_prefix
Last Origin: 63405
[2, 2, "88 6939 37002"]
[["37002", 57297], ["63405", 13931]]
Prefix: victim_prefix
Last Origin: 63405
[2, 2, "88 6939 19009"]
[["19009", 38745], ["63405", 32403]]
Prefix: victim_prefix
Last Origin: 63405
[2, 3, "88 6939 2828 63405"]
[["34941", 7024], ["63405", 64115]]
Prefix: victim_prefix
Last Origin: 63405
[2, 4, "88 6939 12389 31500 42893"]
[["42893", 54534], ["63405", 16790]]
Prefix: victim_prefix
Last Origin: 63405
[2, 3, "88 6939 4651 7470"]
[["7470", 44137], ["63405", 27128]]
Prefix: victim_prefix
Last Origin: 63405
[2, 3, "88 6939 199524 202422"]
[["202422", 51257], ["63405", 20067]]
Prefix: victim_prefix
Last Origin: 63405
[2, 2, "88 6939 35613"]
[["35613", 25770], ["63405", 45373]]
Prefix: victim_prefix
Last Origin: 63405
[2, 4, "88 6939 4657 132132 56300"]
[["56300", 43245], ["63405", 28049]]
Prefix: victim_prefix
Last Origin: 63405
[2, 4, "88 6939 12389 9049 51645"]
[["51645", 41465], ["63405", 29799]]
Prefix: victim_prefix
Last Origin: 63405
[2, 2, "88 6939 40676"]
[["40676", 60286], ["63405", 11026]]
Prefix: victim_prefix
Last Origin: 63405
[2, 4, "88 6939 12389 9049 60042"]
[["60042", 50036], ["63405", 21228]]
Prefix: victim_prefix
Last Origin: 63405
[2, 4, "88 21976 7922 3223 46261"]
[["46261", 51491], ["63405", 19789]]
Prefix: victim_prefix
Last Origin: 63405
[2, 3, "88 6939 7782 396006"]
[["396006", 33052], ["63405", 38150]]
Prefix: victim_prefix
Last Origin: 63405
[2, 4, "88 6939 4651 45413 41281"]
[["41281", 48867], ["63405", 22435]]
Prefix: victim_prefix
Last Origin: 63405
[2, 5, "88 21976 7922 3223 8717 13124"]
[["13124", 45011], ["63405", 26268]]
Prefix: victim_prefix
Last Origin: 63405
[2, 2, "88 6939 4922"]
[["4922", 27919], ["63405", 43236]]
Prefix: victim_prefix
Last Origin: 63405
[2, 3, "88 6939 2828 63405"]
[["201931", 16285], ["63405", 54857]]
Prefix: victim_prefix
Last Origin: 63405
[2, 4, "88 6939 43531 9583 18229"]
[["18229", 51782], ["63405", 19557]]
Prefix: victim_prefix
Last Origin: 63405
[2, 4, "88 62532 11164 5650 63405"]
[["12912", 36034], ["63405", 35174]]
Prefix: victim_prefix
Last Origin: 63405
[2, 4, "88 62532 11164 6461 6407"]
[["6407", 48874], ["63405", 22382]]
Prefix: victim_prefix
Last Origin: 63405
[2, 3, "88 6939 12389 206805"]
[["206805", 56107], ["63405", 15217]]
Prefix: victim_prefix
Last Origin: 63405
[2, 3, "88 6939 55943 9471"]
[["9471", 32149], ["63405", 39056]]
Prefix: victim_prefix
Last Origin: 63405
[2, 3, "88 6939 2828 63405"]
[["48161", 11236], ["63405", 59904]]
Prefix: victim_prefix
Last Origin: 63405
[2, 4, "88 62532 11164 6327 54198"]
[["54198", 44393], ["63405", 26863]]
Prefix: victim_prefix
Last Origin: 63405
[2, 4, "88 6939 3303 12874 45041"]
[["45041", 37839], ["63405", 33373]]
Prefix: victim_prefix
Last Origin: 63405
[2, 3, "88 6939 8657 15525"]
[["15525", 36172], ["63405", 35033]]
Prefix: victim_prefix
Last Origin: 63405
[2, 2, "88 6939 8047"]
[["8047", 15727], ["63405", 55408]]
Prefix: victim_prefix
Last Origin: 63405
[2, 3, "88 6939 38001 47583"]
[["47583", 55502], ["63405", 15808]]
Prefix: victim_prefix
Last Origin: 63405
[2, 2, "88 6939 10474"]
[["10474", 36849], ["63405", 34305]]
Prefix: victim_prefix
Last Origin: 63405
[2, 2, "88 6939 13489"]
[["13489", 24647], ["63405", 46489]]
Prefix: victim_prefix
Last Origin: 63405
[2, 2, "88 6939 33920"]
[["33920", 56844], ["63405", 14438]]
Prefix: victim_prefix
Last Origin: 63405
[2, 4, "88 62532 11164 5650 63405"]
[["39845", 52741], ["63405", 18522]]
Prefix: victim_prefix
Last Origin: 63405
[2, 3, "88 6939 2828 63405"]
[["51759", 3], ["63405", 71133]]
Prefix: victim_prefix
Last Origin: 63405
[2, 3, "88 6939 42652 34240"]
[["34240", 20941], ["63405", 50200]]
Prefix: victim_prefix
Last Origin: 63405
[2, 5, "88 21976 7922 3223 8717 35141"]
[["35141", 43725], ["63405", 27554]]
Prefix: victim_prefix
Last Origin: 63405
[2, 3, "88 6939 4766 21859"]
[["21859", 61214], ["63405", 10142]]
Prefix: victim_prefix
Last Origin: 63405
[2, 6, "88 21976 7922 3223 29119 210321 208909"]
[["208909", 42893], ["63405", 28385]]
Prefix: victim_prefix
Last Origin: 63405
[2, 3, "88 6939 2828 63405"]
[["26727", 7181], ["63405", 63957]]
Prefix: victim_prefix
Last Origin: 63405
[2, 2, "88 6939 53859"]
[["53859", 57493], ["63405", 13709]]
Prefix: victim_prefix
Last Origin: 63405
[2, 3, "88 6939 11976 16495"]
[["16495", 42172], ["63405", 29087]]
Prefix: victim_prefix
Last Origin: 63405
[2, 2, "88 6939 396477"]
[["396477", 58644], ["63405", 12561]]
Prefix: victim_prefix
Last Origin: 63405
[2, 3, "88 6939 33922 25406"]
[["25406", 47663], ["63405", 23643]]
Prefix: victim_prefix
Last Origin: 63405
[2, 3, "88 6939 2828 63405"]
[["42767", 17875], ["63405", 53270]]
Prefix: victim_prefix
Last Origin: 63405
[2, 3, "88 6939 2828 63405"]
[["40281", 21954], ["63405", 49185]]
Prefix: victim_prefix
Last Origin: 63405
[2, 4, "88 6939 4826 9009 60117"]
[["60117", 51000], ["63405", 20306]]
Prefix: victim_prefix
Last Origin: 63405
[2, 2, "88 6939 35191"]
[["35191", 26880], ["63405", 44271]]
Prefix: victim_prefix
Last Origin: 63405
[2, 5, "88 6939 4826 9009 13194 5479"]
[["5479", 48320], ["63405", 22987]]
Prefix: victim_prefix
Last Origin: 63405
[2, 2, "88 6939 3216"]
[["3216", 53282], ["63405", 17867]]
Prefix: victim_prefix
Last Origin: 63405
[2, 4, "88 6939 63213 396998 35913"]
[["35913", 51265], ["63405", 20070]]
Prefix: victim_prefix
Last Origin: 63405
[2, 4, "88 6939 13004 9125 34224"]
[["34224", 54518], ["63405", 16772]]
Prefix: victim_prefix
Last Origin: 63405
[2, 2, "88 6939 48943"]
[["48943", 42227], ["63405", 28921]]
Prefix: victim_prefix
Last Origin: 63405
[2, 3, "88 6939 2828 63405"]
[["210602", 1], ["63405", 71135]]
Prefix: victim_prefix
Last Origin: 63405
[2, 4, "88 21976 7922 3223 37680"]
[["37680", 56130], ["63405", 15152]]
Prefix: victim_prefix
Last Origin: 63405
[2, 2, "88 6939 33604"]
[["33604", 55154], ["63405", 16051]]
Prefix: victim_prefix
Last Origin: 63405
[2, 2, "88 6939 40470"]
[["40470", 55178], ["63405", 16027]]
Prefix: victim_prefix
Last Origin: 63405
[2, 3, "88 6939 2828 63405"]
[["44395", 23355], ["63405", 47803]]
Prefix: victim_prefix
Last Origin: 63405
[2, 3, "88 6939 63186 30043"]
[["30043", 32939], ["63405", 38266]]
Prefix: victim_prefix
Last Origin: 63405
[2, 2, "88 6939 15614"]
[["15614", 29512], ["63405", 41643]]
Prefix: victim_prefix
Last Origin: 63405
[2, 2, "88 6939 14978"]
[["14978", 41985], ["63405", 29154]]
Prefix: victim_prefix
Last Origin: 63405
[2, 6, "88 6939 4826 16265 59947 50673 51430"]
[["51430", 53870], ["63405", 17436]]
Prefix: victim_prefix
Last Origin: 63405
[2, 4, "88 6939 12389 12714 30784"]
[["30784", 43267], ["63405", 27997]]
Prefix: victim_prefix
Last Origin: 63405
[2, 3, "88 6939 35297 35598"]
[["35598", 56650], ["63405", 14662]]
Prefix: victim_prefix
Last Origin: 63405
[2, 4, "88 6939 37662 4809 4812"]
[["4812", 44406], ["63405", 26850]]
Prefix: victim_prefix
Last Origin: 63405
[2, 4, "88 6939 12389 39442 51032"]
[["51032", 46880], ["63405", 24384]]
Prefix: victim_prefix
Last Origin: 63405
[2, 3, "88 6939 2828 63405"]
[["39586", 28755], ["63405", 42400]]
Prefix: victim_prefix
Last Origin: 63405
[2, 2, "88 6939 58073"]
[["58073", 40377], ["63405", 30764]]
Prefix: victim_prefix
Last Origin: 63405
[2, 4, "88 6939 43531 198507 12735"]
[["12735", 51032], ["63405", 20259]]
Prefix: victim_prefix
Last Origin: 63405
[2, 3, "88 6939 39351 61282"]
[["61282", 34292], ["63405", 36863]]
Prefix: victim_prefix
Last Origin: 63405
[2, 3, "88 6939 2828 63405"]
[["35158", 6608], ["63405", 64531]]
Prefix: victim_prefix
Last Origin: 63405
[2, 3, "88 6939 52320 21980"]
[["21980", 46235], ["63405", 25024]]
Prefix: victim_prefix
Last Origin: 63405
[2, 3, "88 6939 2828 63405"]
[["15774", 17876], ["63405", 53269]]
Prefix: victim_prefix
Last Origin: 63405
[2, 2, "88 6939 39375"]
[["39375", 21368], ["63405", 49782]]
Prefix: victim_prefix
Last Origin: 63405
[2, 3, "88 6939 2828 63405"]
[["35370", 21971], ["63405", 49177]]
Prefix: victim_prefix
Last Origin: 63405
[2, 4, "88 62532 11164 5650 63405"]
[["21555", 43525], ["63405", 27734]]
Prefix: victim_prefix
Last Origin: 63405
[2, 3, "88 6939 33891 51191"]
[["51191", 37155], ["63405", 33997]]
Prefix: victim_prefix
Last Origin: 63405
[2, 3, "88 6939 12389 8416"]
[["8416", 46116], ["63405", 25147]]
Prefix: victim_prefix
Last Origin: 63405
[2, 4, "88 6939 3303 6774 54303"]
[["54303", 49821], ["63405", 21478]]
Prefix: victim_prefix
Last Origin: 63405
[2, 3, "88 6939 23947 23953"]
[["23953", 45116], ["63405", 26150]]
Prefix: victim_prefix
Last Origin: 63405
[2, 3, "88 6939 136106 63859"]
[["63859", 44614], ["63405", 26615]]
Prefix: victim_prefix
Last Origin: 63405
[2, 4, "88 6939 12389 39153 8905"]
[["8905", 45682], ["63405", 25582]]
Prefix: victim_prefix
Last Origin: 63405
[2, 3, "88 6939 2828 63405"]
[["44925", 21146], ["63405", 50010]]
Prefix: victim_prefix
Last Origin: 63405
[2, 5, "88 6939 4826 20473 43391 49467"]
[["49467", 46127], ["63405", 25165]]
Prefix: victim_prefix
Last Origin: 63405
[2, 3, "88 6939 11796 394147"]
[["394147", 42474], ["63405", 28786]]
Prefix: victim_prefix
Last Origin: 63405
[2, 3, "88 6939 43531 21263"]
[["21263", 51383], ["63405", 19899]]
Prefix: victim_prefix
Last Origin: 63405
[2, 3, "88 6939 3303 8758"]
[["8758", 57235], ["63405", 14065]]
Prefix: victim_prefix
Last Origin: 63405
[2, 4, "88 6939 15412 13213 46562"]
[["46562", 55593], ["63405", 15690]]
Prefix: victim_prefix
Last Origin: 63405
[2, 6, "88 21976 7922 60068 44486 58212 48314"]
[["48314", 54284], ["63405", 17016]]
Prefix: victim_prefix
Last Origin: 63405
[2, 2, "88 6939 28725"]
[["28725", 35567], ["63405", 35576]]
Prefix: victim_prefix
Last Origin: 63405
[2, 4, "88 6939 4826 9009 13194"]
[["13194", 56161], ["63405", 15145]]
Prefix: victim_prefix
Last Origin: 63405
[2, 4, "88 6939 12389 201776 35816"]
[["35816", 41084], ["63405", 30179]]
Prefix: victim_prefix
Last Origin: 63405
[2, 4, "88 62532 11164 5650 63405"]
[["25795", 39218], ["63405", 31998]]
Prefix: victim_prefix
Last Origin: 63405
[2, 2, "88 6939 11711"]
[["11711", 15091], ["63405", 56044]]
Prefix: victim_prefix
Last Origin: 63405
[2, 3, "88 6939 2828 63405"]
[["3356", 56881], ["63405", 14254]]
Prefix: victim_prefix
Last Origin: 63405
[2, 2, "88 6939 11830"]
[["11830", 21004], ["63405", 50132]]
Prefix: victim_prefix
Last Origin: 63405
[2, 2, "88 6939 30848"]
[["30848", 28493], ["63405", 42645]]
Prefix: victim_prefix
Last Origin: 63405
[2, 4, "88 62532 11164 5650 63405"]
[["39501", 38672], ["63405", 32595]]
Prefix: victim_prefix
Last Origin: 63405
[2, 3, "88 6939 2828 63405"]
[["42621", 14612], ["63405", 56527]]
Prefix: victim_prefix
Last Origin: 63405
[2, 3, "88 6939 137409 63018"]
[["63018", 46818], ["63405", 24402]]
Prefix: victim_prefix
Last Origin: 63405
[2, 3, "88 6939 3303 57370"]
[["57370", 53574], ["63405", 17726]]
Prefix: victim_prefix
Last Origin: 63405
[2, 3, "88 6939 22773 6"]
[["6", 51009], ["63405", 20330]]
Prefix: victim_prefix
Last Origin: 63405
[2, 3, "88 6939 8560 51862"]
[["51862", 13913], ["63405", 57223]]
Prefix: victim_prefix
Last Origin: 63405
[2, 3, "88 6939 2828 63405"]
[["395748", 22882], ["63405", 48257]]
Prefix: victim_prefix
Last Origin: 63405
[2, 2, "88 6939 393552"]
[["393552", 57588], ["63405", 13614]]
Prefix: victim_prefix
Last Origin: 63405
[2, 2, "88 6939 20021"]
[["20021", 22389], ["63405", 48747]]
Prefix: victim_prefix
Last Origin: 63405
[2, 3, "88 6939 54579 394778"]
[["394778", 32997], ["63405", 38209]]
Prefix: victim_prefix
Last Origin: 63405
[2, 4, "88 6939 15412 7568 4750"]
[["4750", 45358], ["63405", 25937]]
Prefix: victim_prefix
Last Origin: 63405
[2, 2, "88 6939 50245"]
[["50245", 42809], ["63405", 28341]]
Prefix: victim_prefix
Last Origin: 63405
[2, 2, "88 6939 6661"]
[["6661", 57428], ["63405", 13777]]
Prefix: victim_prefix
Last Origin: 63405
[2, 3, "88 6939 2828 63405"]
[["57672", 10833], ["63405", 60305]]
Prefix: victim_prefix
Last Origin: 63405
[2, 2, "88 6939 29405"]
[["29405", 48545], ["63405", 22613]]
Prefix: victim_prefix
Last Origin: 63405
[2, 2, "88 6939 24971"]
[["24971", 38946], ["63405", 32193]]
Prefix: victim_prefix
Last Origin: 63405
[2, 4, "88 6939 12083 16724 16803"]
[["16803", 34655], ["63405", 36550]]
Prefix: victim_prefix
Last Origin: 63405
[2, 2, "88 6939 2852"]
[["2852", 37976], ["63405", 33174]]
Prefix: victim_prefix
Last Origin: 63405
[2, 2, "88 6939 206774"]
[["206774", 32360], ["63405", 38781]]
Prefix: victim_prefix
Last Origin: 63405
[2, 4, "88 6939 46208 5758 394660"]
[["394660", 40551], ["63405", 30706]]
Prefix: victim_prefix
Last Origin: 63405
[2, 3, "88 6939 8708 51177"]
[["51177", 25526], ["63405", 45616]]
Prefix: victim_prefix
Last Origin: 63405
[2, 2, "88 6939 9500"]
[["9500", 57905], ["63405", 13315]]
Prefix: victim_prefix
Last Origin: 63405
[2, 4, "88 6939 20115 7843 10838"]
[["10838", 40955], ["63405", 30301]]
Prefix: victim_prefix
Last Origin: 63405
[2, 2, "88 6939 200845"]
[["200845", 29753], ["63405", 41386]]
Prefix: victim_prefix
Last Origin: 63405
[2, 2, "88 6939 49453"]
[["49453", 49609], ["63405", 21546]]
Prefix: victim_prefix
Last Origin: 63405
[2, 3, "88 6939 4826 133480"]
[["133480", 53363], ["63405", 17938]]
Prefix: victim_prefix
Last Origin: 63405
[2, 3, "88 6939 2828 63405"]
[["29713", 9842], ["63405", 61313]]
Prefix: victim_prefix
Last Origin: 63405
[2, 2, "88 6939 24641"]
[["24641", 33234], ["63405", 37923]]
Prefix: victim_prefix
Last Origin: 63405
[2, 3, "88 6939 2828 63405"]
[["37671", 862], ["63405", 70273]]
Prefix: victim_prefix
Last Origin: 63405
[2, 2, "88 6939 9044"]
[["9044", 38851], ["63405", 32290]]
Prefix: victim_prefix
Last Origin: 63405
[2, 3, "88 6939 2828 63405"]
[["211252", 1], ["63405", 71135]]
Prefix: victim_prefix
Last Origin: 63405
[2, 3, "88 6939 23520 52233"]
[["52233", 31899], ["63405", 39303]]
Prefix: victim_prefix
Last Origin: 63405
[2, 4, "88 6939 43531 22822 20712"]
[["20712", 49765], ["63405", 21518]]
Prefix: victim_prefix
Last Origin: 63405
[2, 3, "88 6939 33922 62282"]
[["62282", 54072], ["63405", 17235]]
Prefix: victim_prefix
Last Origin: 63405
[2, 4, "88 62532 11164 5650 63405"]
[["60631", 38672], ["63405", 32594]]
Prefix: victim_prefix
Last Origin: 63405
[2, 5, "88 21976 7922 3223 60945 212806"]
[["212806", 44349], ["63405", 26929]]
Prefix: victim_prefix
Last Origin: 63405
[2, 3, "88 6939 4826 55811"]
[["55811", 46970], ["63405", 24245]]
Prefix: victim_prefix
Last Origin: 63405
[2, 4, "88 6939 12389 29076 41722"]
[["41722", 56415], ["63405", 14909]]
Prefix: victim_prefix
Last Origin: 63405
[2, 4, "88 62532 11164 6461 7029"]
[["7029", 52946], ["63405", 18313]]
Prefix: victim_prefix
Last Origin: 63405
[2, 2, "88 6939 10242"]
[["10242", 55473], ["63405", 15732]]
Prefix: victim_prefix
Last Origin: 63405
[2, 2, "88 6939 206067"]
[["206067", 29685], ["63405", 41453]]
Prefix: victim_prefix
Last Origin: 63405
[2, 5, "88 6939 12389 31500 200044 16083"]
[["16083", 47918], ["63405", 23408]]
Prefix: victim_prefix
Last Origin: 63405
[2, 4, "88 6939 12389 31500 31272"]
[["31272", 51179], ["63405", 20102]]
Prefix: victim_prefix
Last Origin: 63405
[2, 3, "88 6939 50509 34665"]
[["34665", 42064], ["63405", 29199]]
Prefix: victim_prefix
Last Origin: 63405
[2, 3, "88 6939 12389 41268"]
[["41268", 51705], ["63405", 19606]]
Prefix: victim_prefix
Last Origin: 63405
[2, 2, "88 6939 39392"]
[["39392", 47695], ["63405", 23460]]
Prefix: victim_prefix
Last Origin: 63405
[2, 3, "88 6939 2828 63405"]
[["48031", 11826], ["63405", 59322]]
Prefix: victim_prefix
Last Origin: 63405
[2, 3, "88 6939 12389 35154"]
[["35154", 44403], ["63405", 26860]]
Prefix: victim_prefix
Last Origin: 63405
[2, 6, "88 6939 4826 32787 2516 2519 17506"]
[["17506", 43080], ["63405", 28197]]
Prefix: victim_prefix
Last Origin: 63405
[2, 2, "88 6939 15626"]
[["15626", 29857], ["63405", 41291]]
Prefix: victim_prefix
Last Origin: 63405
[2, 3, "88 6939 25512 197019"]
[["197019", 29288], ["63405", 41867]]
Prefix: victim_prefix
Last Origin: 63405
[2, 5, "88 6939 4826 32787 2516 9824"]
[["9824", 48363], ["63405", 22914]]
Prefix: victim_prefix
Last Origin: 63405
[2, 4, "88 62532 11164 5650 63405"]
[["8595", 51688], ["63405", 19576]]
Prefix: victim_prefix
Last Origin: 63405
[2, 3, "88 6939 3303 29222"]
[["29222", 53560], ["63405", 17698]]
Prefix: victim_prefix
Last Origin: 63405
[2, 4, "88 6939 4651 7470 17552"]
[["17552", 39830], ["63405", 31435]]
Prefix: victim_prefix
Last Origin: 63405
[2, 3, "88 6939 12389 38917"]
[["38917", 46364], ["63405", 24899]]
Prefix: victim_prefix
Last Origin: 63405
[2, 4, "88 6939 4826 8220 59845"]
[["59845", 48328], ["63405", 22970]]
Prefix: victim_prefix
Last Origin: 63405
[2, 2, "88 6939 200736"]
[["200736", 24721], ["63405", 46417]]
Prefix: victim_prefix
Last Origin: 63405
[2, 2, "88 6939 42708"]
[["42708", 35090], ["63405", 36047]]
Prefix: victim_prefix
Last Origin: 63405
[2, 3, "88 6939 2828 63405"]
[["22927", 4780], ["63405", 66355]]
Prefix: victim_prefix
Last Origin: 63405
[2, 3, "88 6939 2828 63405"]
[["24560", 28884], ["63405", 42269]]
Prefix: victim_prefix
Last Origin: 63405
[2, 3, "88 6939 2828 63405"]
[["15582", 21820], ["63405", 49329]]
Prefix: victim_prefix
Last Origin: 63405
[2, 4, "88 62532 11164 5650 63405"]
[["36556", 41735], ["63405", 29524]]
Prefix: victim_prefix
Last Origin: 63405
[2, 4, "88 62532 11164 5650 63405"]
[["56546", 41465], ["63405", 29792]]
Prefix: victim_prefix
Last Origin: 63405
[2, 3, "88 6939 2828 63405"]
[["12338", 22614], ["63405", 48524]]
Prefix: victim_prefix
Last Origin: 63405
[2, 6, "88 21976 7922 8047 22284 3549 63405"]
[["35432", 54427], ["63405", 16852]]
Prefix: victim_prefix
Last Origin: 63405
[2, 6, "88 6939 4826 58453 7738 8167 263097"]
[["263097", 43301], ["63405", 27980]]
Prefix: victim_prefix
Last Origin: 63405
[2, 5, "88 6939 58057 34800 57344 197304"]
[["197304", 48040], ["63405", 23266]]
Prefix: victim_prefix
Last Origin: 63405
[2, 3, "88 6939 9002 45012"]
[["45012", 38880], ["63405", 32274]]
Prefix: victim_prefix
Last Origin: 63405
[2, 4, "88 62532 11164 5650 63405"]
[["13110", 45299], ["63405", 25909]]
Prefix: victim_prefix
Last Origin: 63405
[2, 3, "88 6939 38182 46015"]
[["46015", 40414], ["63405", 30809]]
Prefix: victim_prefix
Last Origin: 63405
[2, 6, "88 6939 4826 32787 2516 17511 24282"]
[["24282", 43654], ["63405", 27623]]
Prefix: victim_prefix
Last Origin: 63405
[2, 2, "88 6939 34594"]
[["34594", 54196], ["63405", 17009]]
Prefix: victim_prefix
Last Origin: 63405
[2, 3, "88 6939 15412 26496"]
[["26496", 50747], ["63405", 20535]]
Prefix: victim_prefix
Last Origin: 63405
[2, 4, "88 6939 4766 64050 398993"]
[["398993", 43525], ["63405", 27757]]
Prefix: victim_prefix
Last Origin: 63405
[2, 3, "88 6939 40676 198203"]
[["198203", 53915], ["63405", 17397]]
Prefix: victim_prefix
Last Origin: 63405
[2, 3, "88 6939 2828 63405"]
[["210546", 1], ["63405", 71135]]
Prefix: victim_prefix
Last Origin: 63405
[2, 2, "88 6939 21766"]
[["21766", 58716], ["63405", 12543]]
Prefix: victim_prefix
Last Origin: 63405
[2, 2, "88 6939 8046"]
[["8046", 51306], ["63405", 19896]]
Prefix: victim_prefix
Last Origin: 63405
[2, 5, "88 21976 7922 3223 6663 33911"]
[["33911", 47009], ["63405", 24269]]
Prefix: victim_prefix
Last Origin: 63405
[2, 5, "88 6939 58057 34800 57344 59729"]
[["59729", 47984], ["63405", 23322]]
Prefix: victim_prefix
Last Origin: 63405
[2, 2, "88 6939 32751"]
[["32751", 31461], ["63405", 39679]]
Prefix: victim_prefix
Last Origin: 63405
[2, 2, "88 6939 34702"]
[["34702", 56669], ["63405", 14642]]
Prefix: victim_prefix
Last Origin: 63405
[2, 3, "88 6939 15994 208764"]
[["208764", 36160], ["63405", 35045]]
Prefix: victim_prefix
Last Origin: 63405
[2, 2, "88 6939 20485"]
[["20485", 51275], ["63405", 19870]]
Prefix: victim_prefix
Last Origin: 63405
[2, 3, "88 6939 57043 25534"]
[["25534", 47982], ["63405", 23342]]
Prefix: victim_prefix
Last Origin: 63405
[2, 3, "88 6939 197155 200088"]
[["200088", 34066], ["63405", 37138]]
Prefix: victim_prefix
Last Origin: 63405
[2, 3, "88 6939 2828 63405"]
[["35467", 32265], ["63405", 38885]]
Prefix: victim_prefix
Last Origin: 63405
[2, 3, "88 6939 43531 39449"]
[["39449", 48920], ["63405", 22362]]
Prefix: victim_prefix
Last Origin: 63405
[2, 4, "88 6939 58057 34800 56630"]
[["56630", 54734], ["63405", 16573]]
Prefix: victim_prefix
Last Origin: 63405
[2, 2, "88 6939 34977"]
[["34977", 26510], ["63405", 44628]]
Prefix: victim_prefix
Last Origin: 63405
[2, 3, "88 6939 12389 25227"]
[["25227", 54118], ["63405", 17206]]
Prefix: victim_prefix
Last Origin: 63405
[2, 3, "88 6939 2828 63405"]
[["44133", 26723], ["63405", 44425]]
Prefix: victim_prefix
Last Origin: 63405
[2, 3, "88 6939 13004 9125"]
[["9125", 66041], ["63405", 5248]]
Prefix: victim_prefix
Last Origin: 63405
[2, 5, "88 6939 12389 31500 50113 204997"]
[["204997", 47438], ["63405", 23886]]
Prefix: victim_prefix
Last Origin: 63405
[2, 4, "88 6939 4766 9381 3363"]
[["3363", 42945], ["63405", 28332]]
Prefix: victim_prefix
Last Origin: 63405
[2, 3, "88 6939 22898 53449"]
[["53449", 44999], ["63405", 26278]]
Prefix: victim_prefix
Last Origin: 63405
[2, 2, "88 6939 42652"]
[["42652", 64229], ["63405", 6912]]
Prefix: victim_prefix
Last Origin: 63405
[2, 4, "88 62532 11164 5650 63405"]
[["212441", 40483], ["63405", 30782]]
Prefix: victim_prefix
Last Origin: 63405
[2, 4, "88 62532 11164 5650 63405"]
[["266989", 42760], ["63405", 28499]]
Prefix: victim_prefix
Last Origin: 63405
[2, 2, "88 6939 40545"]
[["40545", 55173], ["63405", 16032]]
Prefix: victim_prefix
Last Origin: 63405
[2, 3, "88 6939 2828 63405"]
[["199782", 28756], ["63405", 42399]]
Prefix: victim_prefix
Last Origin: 63405
[2, 6, "88 6939 12389 29076 25229 196682 61335"]
[["61335", 46646], ["63405", 24678]]
Prefix: victim_prefix
Last Origin: 63405
[2, 2, "88 6939 12312"]
[["12312", 28599], ["63405", 42537]]
Prefix: victim_prefix
Last Origin: 63405
[2, 2, "88 6939 44489"]
[["44489", 29630], ["63405", 41525]]
Prefix: victim_prefix
Last Origin: 63405
[2, 2, "88 6939 42841"]
[["42841", 33033], ["63405", 38107]]
Prefix: victim_prefix
Last Origin: 63405
[2, 4, "88 62532 11164 5650 63405"]
[["202696", 48450], ["63405", 22817]]
Run time in seconds: 622.5178391933441
